        -:    0:Source:grep.c
        -:    0:Graph:grep.gcno
        -:    0:Data:grep.gcda
        -:    0:Runs:6
        -:    0:Programs:1
        -:    1:/* grep.c - main driver file for grep.
        -:    2:   Copyright (C) 1992 Free Software Foundation, Inc.
        -:    3:
        -:    4:   This program is free software; you can redistribute it and/or modify
        -:    5:   it under the terms of the GNU General Public License as published by
        -:    6:   the Free Software Foundation; either version 2, or (at your option)
        -:    7:   any later version.
        -:    8:
        -:    9:   This program is distributed in the hope that it will be useful,
        -:   10:   but WITHOUT ANY WARRANTY; without even the implied warranty of
        -:   11:   MERCHANTABILITY or FITNESS FOR A PARTICULAR PURPOSE.  See the
        -:   12:   GNU General Public License for more details.
        -:   13:
        -:   14:   You should have received a copy of the GNU General Public License
        -:   15:   along with this program; if not, write to the Free Software
        -:   16:   Foundation, Inc., 675 Mass Ave, Cambridge, MA 02139, USA.
        -:   17:
        -:   18:   Written July 1992 by Mike Haertel.  */
        -:   19:
        -:   20:/* I added a series define from makefile here in order to run cfe */
        -:   21:#define GREP 1
        -:   22:#define STDC_HEADERS 1
        -:   23:#define HAVE_STRING_H 1
        -:   24:#define HAVE_SYS_PARAM_H 1
        -:   25:#define HAVE_UNISTD_H 1
        -:   26:#define HAVE_ALLOCA_H 1
        -:   27:#define HAVE_GETPAGESIZE 1
        -:   28:#define HAVE_MEMCHR 1
        -:   29:#define HAVE_STRERROR 1
        -:   30:#define HAVE_VALLOC 1
        -:   31:#define HAVE_WORKING_MMAP 1
        -:   32:#define LINUX 1
        -:   33:/*** end of cfe purpose **/
        -:   34:
        -:   35:#include <errno.h>
        -:   36:#include <stdio.h>
        -:   37:
        -:   38:/*******IMPORTANT CHANGE for let stderr redirect to a file *******/
        -:   39:#undef stderr
        -:   40:#define stderr stdout
        -:   41:/******* FINISH IMPORTANT CHANGE *********/
        -:   42:
        -:   43:#ifndef errno
        -:   44:extern int errno;
        -:   45:#endif
        -:   46:
        -:   47:#ifdef STDC_HEADERS
        -:   48:#include <stdlib.h>
        -:   49:#define flag_stdlib 1
        -:   50:#else
        -:   51:#include <sys/types.h>
        -:   52:#define flag_systypes 1
        -:   53:extern char *malloc(), *realloc();
        -:   54:extern void free();
        -:   55:#endif
        -:   56:
        -:   57:#if defined(STDC_HEADERS) || defined(HAVE_STRING_H)
        -:   58:#include <string.h>
        -:   59:#define flag_string 1
        -:   60:#ifdef NEED_MEMORY_H
        -:   61:#include <memory.h>
        -:   62:#define flag_memory 1
        -:   63:#endif
        -:   64:#else
        -:   65:#include <strings.h>
        -:   66:#define flag_strings 1
        -:   67:#ifdef __STDC__
        -:   68:extern void *memchr();
        -:   69:#else
        -:   70:extern char *memchr();
        -:   71:#endif
        -:   72:#define strrchr rindex
        -:   73:#endif
        -:   74:
        -:   75:#ifdef HAVE_UNISTD_H
        -:   76:#if flag_systypes==0
        -:   77:#include <sys/types.h>
        -:   78:#define flag_systypes 1
        -:   79:#endif
        -:   80:#include <fcntl.h>
        -:   81:#include <unistd.h>
        -:   82:#else
        -:   83:#define O_RDONLY 0
        -:   84:extern int open(), read(), close();
        -:   85:#endif
        -:   86:
        -:   87:#include "getpagesize.h"
        -:   88:#include "grep.h"
        -:   89:
        -:   90:#undef MAX
        -:   91:#define MAX(A,B) ((A) > (B) ? (A) : (B))
        -:   92:
        -:   93:/* Provide missing ANSI features if necessary. */
        -:   94:
        -:   95:#ifndef HAVE_STRERROR
        -:   96:extern int sys_nerr;
        -:   97:extern char *sys_errlist[];
        -:   98:#define strerror(E) ((E) < sys_nerr ? sys_errlist[(E)] : "bogus error number")
        -:   99:#endif
        -:  100:
        -:  101:#ifndef HAVE_MEMCHR
        -:  102:#ifdef __STDC__
        -:  103:#define VOID void
        -:  104:#else
        -:  105:#define VOID char
        -:  106:#endif
        -:  107:VOID *
        -:  108:memchr(vp, c, n)
        -:  109:     VOID *vp;
        -:  110:     int c;
        -:  111:     size_t n;
        -:  112:{
        -:  113:  unsigned char *p;
        -:  114:
        -:  115:  for (p = (unsigned char *) vp; n--; ++p)
        -:  116:    if (*p == c)
        -:  117:      return (VOID *) p;
        -:  118:  return 0;
        -:  119:}
        -:  120:#endif
        -:  121:    
        -:  122:/* Define flags declared in grep.h. */
        -:  123:char *matcher;
        -:  124:int match_icase;
        -:  125:int match_words;
        -:  126:int match_lines;
        -:  127:
        -:  128:/* Functions we'll use to search. */
        -:  129:static void (*compile)();
        -:  130:static char *(*execute)();
        -:  131:
        -:  132:/* For error messages. */
        -:  133:static char *prog;
        -:  134:static char *filename;
        -:  135:static int errseen;
        -:  136:
        -:  137:/* Print a message and possibly an error string.  Remember
        -:  138:   that something awful happened. */
        -:  139:static void
function error called 1 returned 100% blocks executed 75%
        1:  140:error(mesg, errnum)
        -:  141:#ifdef __STDC__
        -:  142:     const
        -:  143:#endif
        -:  144:     char *mesg;
        -:  145:     int errnum;
        -:  146:{
        1:  147:  if (errnum)
        1:  147-block  0
branch  0 taken 100%
branch  1 taken 0%
        1:  148:    fprintf(stderr, "%s: %s: %s\n", prog, mesg, strerror(errnum));
        1:  148-block  0
        -:  149:  else
    #####:  150:    fprintf(stderr, "%s: %s\n", prog, mesg);
    $$$$$:  150-block  0
        1:  151:  errseen = 1;
        1:  152:}
        1:  152-block  0
        -:  153:
        -:  154:/* Like error(), but die horribly after printing. */
        -:  155:void
function fatal called 0 returned 0% blocks executed 0%
    #####:  156:fatal(mesg, errnum)
        -:  157:#ifdef __STDC__
        -:  158:     const
        -:  159:#endif
        -:  160:     char *mesg;
        -:  161:     int errnum;
        -:  162:{
    #####:  163:  error(mesg, errnum);
    #####:  164:  exit(2);
    $$$$$:  164-block  0
        -:  165:}
        -:  166:
        -:  167:/* Interface to handle errors and fix library lossage. */
        -:  168:char *
function xmalloc called 11 returned 100% blocks executed 75%
       11:  169:xmalloc(size)
        -:  170:     size_t size;
        -:  171:{
        -:  172:  char *result;
        -:  173:
       11:  174:  result = malloc(size);
       11:  175:  if (size && !result)
       11:  175-block  0
branch  0 taken 100%
branch  1 taken 0%
       11:  175-block  1
branch  2 taken 0%
branch  3 taken 100%
    #####:  176:    fatal("memory exhausted", 0);
    $$$$$:  176-block  0
       11:  177:  return result;
       11:  177-block  0
        -:  178:}
        -:  179:
        -:  180:/* Interface to handle errors and fix some library lossage. */
        -:  181:char *
function xrealloc called 1 returned 100% blocks executed 71%
        1:  182:xrealloc(ptr, size)
        -:  183:     char *ptr;
        -:  184:     size_t size;
        -:  185:{
        -:  186:  char *result;
        -:  187:
        1:  188:  if (ptr)
        1:  188-block  0
branch  0 taken 0%
branch  1 taken 100%
    #####:  189:    result = realloc(ptr, size);
    $$$$$:  189-block  0
        -:  190:  else
        1:  191:    result = malloc(size);
        1:  191-block  0
        1:  192:  if (size && !result)
        1:  192-block  0
branch  0 taken 100%
branch  1 taken 0%
        1:  192-block  1
branch  2 taken 0%
branch  3 taken 100%
    #####:  193:    fatal("memory exhausted", 0);
    $$$$$:  193-block  0
        1:  194:  return result;
        1:  194-block  0
        -:  195:}
        -:  196:
        -:  197:#if !defined(HAVE_VALLOC)
        -:  198:#define valloc malloc
        -:  199:#else
        -:  200:#ifdef __STDC__
        -:  201:extern void *valloc(size_t);
        -:  202:#else
        -:  203:extern char *valloc();
        -:  204:#endif
        -:  205:#endif
        -:  206:
        -:  207:/* Hairy buffering mechanism for grep.  The intent is to keep
        -:  208:   all reads aligned on a page boundary and multiples of the
        -:  209:   page size. */
        -:  210:
        -:  211:static char *buffer;		/* Base of buffer. */
        -:  212:static size_t bufsalloc;	/* Allocated size of buffer save region. */
        -:  213:static size_t bufalloc;		/* Total buffer size. */
        -:  214:static int bufdesc;		/* File descriptor. */
        -:  215:static char *bufbeg;		/* Beginning of user-visible stuff. */
        -:  216:static char *buflim;		/* Limit of user-visible stuff. */
        -:  217:
        -:  218:#if defined(HAVE_WORKING_MMAP)
        -:  219:#if flag_systypes==0
        -:  220:#include <sys/types.h>
        -:  221:#define flag_systypes 1
        -:  222:#endif
        -:  223:#include <sys/stat.h>
        -:  224:#include <sys/mman.h>
        -:  225:
        -:  226:static int bufmapped;		/* True for ordinary files. */
        -:  227:static struct stat bufstat;	/* From fstat(). */
        -:  228:static off_t bufoffset;		/* What read() normally remembers. */
        -:  229:#endif
        -:  230:
        -:  231:/* Reset the buffer for a new file.  Initialize
        -:  232:   on the first time through. */
        -:  233:void
function reset called 5 returned 100% blocks executed 75%
        5:  234:reset(fd)
        -:  235:     int fd;
        -:  236:{
        -:  237:  static int initialized;
        -:  238:
        5:  239:  if (!initialized)
        5:  239-block  0
branch  0 taken 0%
branch  1 taken 100%
        -:  240:    {
        5:  241:      initialized = 1;
        -:  242:#ifndef BUFSALLOC
        5:  243:      bufsalloc = MAX(8192, getpagesize());
        5:  243-block  0
branch  0 taken 100%
branch  1 taken 0%
        5:  243-block  1
    $$$$$:  243-block  2
        -:  244:#else
        -:  245:      bufsalloc = BUFSALLOC;
        -:  246:#endif
        5:  247:      bufalloc = 5 * bufsalloc;
        -:  248:      /* The 1 byte of overflow is a kludge for dfaexec(), which
        -:  249:	 inserts a sentinel newline at the end of the buffer
        -:  250:	 being searched.  There's gotta be a better way... */
        5:  251:      buffer = valloc(bufalloc + 1);
        5:  252:      if (!buffer)
        5:  252-block  0
branch  0 taken 0%
branch  1 taken 100%
    #####:  253:	fatal("memory exhausted", 0);
    $$$$$:  253-block  0
        5:  254:      bufbeg = buffer;
        5:  255:      buflim = buffer;
        5:  256:    }
        5:  256-block  0
        5:  257:  bufdesc = fd;
        -:  258:#if defined(HAVE_WORKING_MMAP)
        5:  259:  if (fstat(fd, &bufstat) < 0 || !S_ISREG(bufstat.st_mode))
        5:  259-block  0
branch  0 taken 100%
branch  1 taken 0%
        5:  259-block  1
branch  2 taken 0%
branch  3 taken 100%
    #####:  260:    bufmapped = 0;
    $$$$$:  260-block  0
        -:  261:  else
        -:  262:    {
        5:  263:      bufmapped = 1;
        5:  264:      bufoffset = lseek(fd, 0, 1);
        5:  264-block  0
        -:  265:    }
        -:  266:#endif
        5:  267:}
        5:  267-block  0
        -:  268:
        -:  269:/* Read new stuff into the buffer, saving the specified
        -:  270:   amount of old stuff.  When we're done, 'bufbeg' points
        -:  271:   to the beginning of the buffer contents, and 'buflim'
        -:  272:   points just after the end.  Return count of new stuff. */
        -:  273:static int
function fillbuf called 10 returned 100% blocks executed 64%
       10:  274:fillbuf(save)
        -:  275:     size_t save;
        -:  276:{
        -:  277:  char *nbuffer, *dp, *sp;
        -:  278:  int cc;
        -:  279:#if defined(HAVE_WORKING_MMAP)
        -:  280:  caddr_t maddr;
        -:  281:#endif
        -:  282:  static int pagesize;
        -:  283:
       10:  284:  if (pagesize == 0 && (pagesize = getpagesize()) == 0)
       10:  284-block  0
branch  0 taken 50%
branch  1 taken 50%
        5:  284-block  1
branch  2 taken 0%
branch  3 taken 100%
    #####:  285:    abort();
    $$$$$:  285-block  0
        -:  286:
       10:  287:  if (save > bufsalloc)
       10:  287-block  0
branch  0 taken 0%
branch  1 taken 100%
        -:  288:    {
    #####:  289:      while (save > bufsalloc)
    $$$$$:  289-block  0
    $$$$$:  289-block  1
branch  0 never executed
branch  1 never executed
    $$$$$:  289-block  2
    #####:  290:	bufsalloc *= 2;
    #####:  291:      bufalloc = 5 * bufsalloc;
    #####:  292:      nbuffer = valloc(bufalloc + 1);
    #####:  293:      if (!nbuffer)
    $$$$$:  293-block  0
branch  0 never executed
branch  1 never executed
    #####:  294:	fatal("memory exhausted", 0);
    $$$$$:  294-block  0
    #####:  295:    }
    $$$$$:  295-block  0
        -:  296:  else
       10:  297:    nbuffer = buffer;
       10:  297-block  0
        -:  298:
       10:  299:  sp = buflim - save;
       10:  300:  dp = nbuffer + bufsalloc - save;
       10:  301:  bufbeg = dp;
     3230:  302:  while (save--)
       10:  302-block  0
     3230:  302-block  1
branch  0 taken 99%
branch  1 taken 1%
     3220:  302-block  2
     3220:  303:    *dp++ = *sp++;
        -:  304:
        -:  305:  /* We may have allocated a new, larger buffer.  Since
        -:  306:     there is no portable vfree(), we just have to forget
        -:  307:     about the old one.  Sorry. */
       10:  308:  buffer = nbuffer;
        -:  309:
        -:  310:#if defined(HAVE_WORKING_MMAP)
       10:  311:  if (bufmapped && bufoffset % pagesize == 0
       10:  311-block  0
branch  0 taken 50%
branch  1 taken 50%
        5:  311-block  1
branch  2 taken 100%
branch  3 taken 0%
        5:  312:      && bufstat.st_size - bufoffset >= bufalloc - bufsalloc)
        5:  312-block  0
branch  0 taken 100%
branch  1 taken 0%
        -:  313:    {
    #####:  314:      maddr = buffer + bufsalloc;
    #####:  315:      maddr = mmap(maddr, bufalloc - bufsalloc, PROT_READ | PROT_WRITE,
    #####:  316:		   MAP_PRIVATE | MAP_FIXED, bufdesc, bufoffset);
    #####:  317:      if (maddr == (caddr_t) -1)
    $$$$$:  317-block  0
branch  0 never executed
branch  1 never executed
        -:  318:	{
    #####:  319:	  fprintf(stderr, "%s: warning: %s: %s\n", filename,
    #####:  320:		  strerror(errno));
    #####:  321:	  goto tryread;
    $$$$$:  321-block  0
        -:  322:	}
        -:  323:#if 0
        -:  324:      /* You might thing this (or MADV_WILLNEED) would help,
        -:  325:	 but it doesn't, at least not on a Sun running 4.1.
        -:  326:	 In fact, it actually slows us down about 30%! */
        -:  327:      madvise(maddr, bufalloc - bufsalloc, MADV_SEQUENTIAL);
        -:  328:#endif
    #####:  329:      cc = bufalloc - bufsalloc;
    #####:  330:      bufoffset += cc;
    #####:  331:    }
    $$$$$:  331-block  0
        -:  332:  else
       10:  333:    {
       10:  333-block  0
        -:  334:    tryread:
        -:  335:      /* We come here when we're not going to use mmap() any more.
        -:  336:	 Note that we need to synchronize the file offset the
        -:  337:	 first time through. */
       10:  338:      if (bufmapped)
       10:  338-block  0
branch  0 taken 50%
branch  1 taken 50%
        -:  339:	{
        5:  340:	  bufmapped = 0;
        5:  341:	  lseek(bufdesc, bufoffset, 0);
        5:  342:	}
        5:  342-block  0
       10:  343:      cc = read(bufdesc, buffer + bufsalloc, bufalloc - bufsalloc);
       10:  343-block  0
        -:  344:    }
        -:  345:#else
        -:  346:  cc = read(bufdesc, buffer + bufsalloc, bufalloc - bufsalloc);
        -:  347:#endif
       10:  348:  if (cc > 0)
       10:  348-block  0
branch  0 taken 50%
branch  1 taken 50%
        5:  349:    buflim = buffer + bufsalloc + cc;
        5:  349-block  0
        -:  350:  else
        5:  351:    buflim = buffer + bufsalloc;
        5:  351-block  0
       10:  352:  return cc;
       10:  352-block  0
        -:  353:}
        -:  354:
        -:  355:/* Flags controlling the style of output. */
        -:  356:static int out_quiet;		/* Suppress all normal output. */
        -:  357:static int out_invert;		/* Print nonmatching stuff. */
        -:  358:static int out_file;		/* Print filenames. */
        -:  359:static int out_line;		/* Print line numbers. */
        -:  360:static int out_byte;		/* Print byte offsets. */
        -:  361:static int out_before;		/* Lines of leading context. */
        -:  362:static int out_after;		/* Lines of trailing context. */
        -:  363:
        -:  364:/* Internal variables to keep track of byte count, context, etc. */
        -:  365:static size_t totalcc;		/* Total character count before bufbeg. */
        -:  366:static char *lastnl;		/* Pointer after last newline counted. */
        -:  367:static char *lastout;		/* Pointer after last character output;
        -:  368:				   NULL if no character has been output
        -:  369:				   or if it's conceptually before bufbeg. */
        -:  370:static size_t totalnl;		/* Total newline count before lastnl. */
        -:  371:static int pending;		/* Pending lines of output. */
        -:  372:
        -:  373:static void
function nlscan called 22 returned 100% blocks executed 100%
       22:  374:nlscan(lim)
        -:  375:     char *lim;
        -:  376:{
        -:  377:  char *beg;
        -:  378:
    52044:  379:  for (beg = lastnl; beg < lim; ++beg)
       22:  379-block  0
    52044:  379-block  1
branch  0 taken 99%
branch  1 taken 1%
    52022:  379-block  2
    53012:  380:    if (*beg == '\n')
    52022:  380-block  0
branch  0 taken 98%
branch  1 taken 2%
    52022:  380-block  1
      990:  381:      ++totalnl;
      990:  381-block  0
       22:  382:  lastnl = beg;
       22:  383:}
       22:  383-block  0
        -:  384:
        -:  385:static void
function prline called 20 returned 100% blocks executed 77%
       20:  386:prline(beg, lim, sep)
        -:  387:     char *beg;
        -:  388:     char *lim;
        -:  389:     char sep;
        -:  390:{
       20:  391:  if (out_file)
       20:  391-block  0
branch  0 taken 0%
branch  1 taken 100%
    #####:  392:    printf("%s%c", filename, sep);
    $$$$$:  392-block  0
       20:  393:  if (out_line)
       20:  393-block  0
branch  0 taken 100%
branch  1 taken 0%
        -:  394:    {
       20:  395:      nlscan(beg);
       20:  396:      printf("%d%c", ++totalnl, sep);
       20:  397:      lastnl = lim;
       20:  398:    }
       20:  398-block  0
       20:  399:  if (out_byte)
       20:  399-block  0
branch  0 taken 100%
branch  1 taken 0%
       20:  400:    printf("%lu%c", totalcc + (beg - bufbeg), sep);
       20:  400-block  0
       20:  401:  fwrite(beg, 1, lim - beg, stdout);
       20:  402:  if (ferror(stdout))
       20:  402-block  0
branch  0 taken 0%
branch  1 taken 100%
    #####:  403:    error("writing output", errno);
    $$$$$:  403-block  0
       20:  404:  lastout = lim;
       20:  405:}
       20:  405-block  0
        -:  406:
        -:  407:/* Print pending lines of trailing context prior to LIM. */
        -:  408:static void
function prpending called 2 returned 100% blocks executed 90%
        2:  409:prpending(lim)
        -:  410:     char *lim;
        -:  411:{
        -:  412:  char *nl;
        -:  413:
        2:  414:  if (!lastout)
        2:  414-block  0
branch  0 taken 100%
branch  1 taken 0%
        2:  415:    lastout = bufbeg;
        2:  415-block  0
       22:  416:  while (pending > 0 && lastout < lim)
        2:  416-block  0
       22:  416-block  1
branch  0 taken 9%
branch  1 taken 91%
       20:  416-block  2
       22:  416-block  3
branch  2 taken 9%
branch  3 taken 91%
       20:  416-block  4
        -:  417:    {
       20:  418:      --pending;
       20:  419:      if ((nl = memchr(lastout, '\n', lim - lastout)) != 0)
       20:  419-block  0
branch  0 taken 0%
branch  1 taken 100%
       20:  420:	++nl;
       20:  420-block  0
        -:  421:      else
    #####:  422:	nl = lim;
    $$$$$:  422-block  0
       20:  423:      prline(lastout, nl, '-');
        -:  424:    }
        2:  425:}
        2:  425-block  0
        -:  426:
        -:  427:/* Print the lines between BEG and LIM.  Deal with context crap.
        -:  428:   If NLINESP is non-null, store a count of lines between BEG and LIM. */
        -:  429:static void
function prtext called 2 returned 100% blocks executed 27%
        2:  430:prtext(beg, lim, nlinesp)
        -:  431:     char *beg;
        -:  432:     char *lim;
        -:  433:     int *nlinesp;
        -:  434:{
        -:  435:  static int used;		/* avoid printing "--" before any output */
        -:  436:  char *bp, *p, *nl;
        -:  437:  int i, n;
        -:  438:
        2:  439:  if (!out_quiet && pending > 0)
        2:  439-block  0
branch  0 taken 0%
branch  1 taken 100%
    $$$$$:  439-block  1
branch  2 never executed
branch  3 never executed
    #####:  440:    prpending(beg);
    $$$$$:  440-block  0
        -:  441:
        2:  442:  p = beg;
        -:  443:
        2:  444:  if (!out_quiet)
        2:  444-block  0
branch  0 taken 100%
branch  1 taken 0%
        -:  445:    {
        -:  446:      /* Deal with leading context crap. */
        -:  447:
    #####:  448:      bp = lastout ? lastout : bufbeg;
    $$$$$:  448-block  0
branch  0 never executed
branch  1 never executed
    $$$$$:  448-block  1
    $$$$$:  448-block  2
    #####:  449:      for (i = 0; i < out_before; ++i)
    $$$$$:  449-block  0
    $$$$$:  449-block  1
branch  0 never executed
branch  1 never executed
    $$$$$:  449-block  2
    #####:  450:	if (p > bp)
    $$$$$:  450-block  0
branch  0 never executed
branch  1 never executed
    $$$$$:  450-block  1
    #####:  451:	  do
    $$$$$:  451-block  0
    #####:  452:	    --p;
    $$$$$:  452-block  0
    $$$$$:  452-block  1
branch  0 never executed
branch  1 never executed
    $$$$$:  452-block  2
    #####:  453:	  while (p > bp && p[-1] != '\n');
    $$$$$:  453-block  0
branch  0 never executed
branch  1 never executed
    $$$$$:  453-block  1
        -:  454:
        -:  455:      /* We only print the "--" separator if our output is
        -:  456:	 discontiguous from the last output in the file. */
    #####:  457:      if ((out_before || out_after) && used && p != lastout)
    $$$$$:  457-block  0
branch  0 never executed
branch  1 never executed
    $$$$$:  457-block  1
    $$$$$:  457-block  2
    $$$$$:  457-block  3
branch  2 never executed
branch  3 never executed
    $$$$$:  457-block  4
branch  4 never executed
branch  5 never executed
    #####:  458:	puts("--");
    $$$$$:  458-block  0
        -:  459:
    #####:  460:      while (p < beg)
    $$$$$:  460-block  0
    $$$$$:  460-block  1
branch  0 never executed
branch  1 never executed
    $$$$$:  460-block  2
        -:  461:	{
    #####:  462:	  nl = memchr(p, '\n', beg - p);
    #####:  463:	  prline(p, nl + 1, '-');
    #####:  464:	  p = nl + 1;
        -:  465:	}
    #####:  466:    }
    $$$$$:  466-block  0
        -:  467:
        2:  468:  if (nlinesp)
        2:  468-block  0
branch  0 taken 100%
branch  1 taken 0%
        -:  469:    {
        -:  470:      /* Caller wants a line count. */
     1032:  471:      for (n = 0; p < lim; ++n)
        2:  471-block  0
     1032:  471-block  1
branch  0 taken 99%
branch  1 taken 1%
     1030:  471-block  2
        -:  472:	{
     1030:  473:	  if ((nl = memchr(p, '\n', lim - p)) != 0)
     1030:  473-block  0
branch  0 taken 100%
branch  1 taken 0%
     1030:  474:	    ++nl;
     1030:  474-block  0
        -:  475:	  else
    #####:  476:	    nl = lim;
    $$$$$:  476-block  0
     1030:  477:	  if (!out_quiet)
     1030:  477-block  0
branch  0 taken 100%
branch  1 taken 0%
    #####:  478:	    prline(p, nl, ':');
    $$$$$:  478-block  0
     1030:  479:	  p = nl;
     1030:  480:	}
     1030:  480-block  0
        2:  481:      *nlinesp = n;
        2:  482:    }
        2:  482-block  0
        -:  483:  else
    #####:  484:    if (!out_quiet)
    $$$$$:  484-block  0
branch  0 never executed
branch  1 never executed
    #####:  485:      prline(beg, lim, ':');
    $$$$$:  485-block  0
        -:  486:
        2:  487:  pending = out_after;
        2:  488:  used = 1;
        2:  489:}
        2:  489-block  0
        -:  490:
        -:  491:/* Scan the specified portion of the buffer, matching lines (or
        -:  492:   between matching lines if OUT_INVERT is true).  Return a count of
        -:  493:   lines printed. */
        -:  494:static int
function grepbuf called 5 returned 100% blocks executed 61%
        5:  495:grepbuf(beg, lim)
        -:  496:     char *beg;
        -:  497:     char *lim;
        -:  498:{
        -:  499:  int nlines, n;
        -:  500:  register char *p, *b;
        -:  501:  char *endp;
        -:  502:
        5:  503:  nlines = 0;
        5:  504:  p = beg;
        5:  505:  while ((b = (*execute)(p, lim - p, &endp)) != 0)
        5:  505-block  0
        5:  505-block  1
branch  0 taken 80%
branch  1 taken 20%
    $$$$$:  505-block  2
        -:  506:    {
        -:  507:      /* Avoid matching the empty line at the end of the buffer. */
        1:  508:      if (b == lim && ((b > beg && b[-1] == '\n') || b == beg))
        1:  508-block  0
branch  0 taken 100%
branch  1 taken 0%
        1:  508-block  1
branch  2 taken 100%
branch  3 taken 0%
        1:  508-block  2
    $$$$$:  508-block  3
        1:  508-block  4
branch  4 taken 0%
branch  5 taken 100%
        1:  509:	break;
        1:  509-block  0
    #####:  510:      if (!out_invert)
    $$$$$:  510-block  0
branch  0 never executed
branch  1 never executed
        -:  511:	{
    #####:  512:	  prtext(b, endp, (int *) 0);
    #####:  513:	  nlines += 1;
    #####:  514:	}
    $$$$$:  514-block  0
    #####:  515:      else if (p < b)
    $$$$$:  515-block  0
branch  0 never executed
branch  1 never executed
        -:  516:	{
    #####:  517:	  prtext(p, b, &n);
    #####:  518:	  nlines += n;
    #####:  519:	}
    $$$$$:  519-block  0
    #####:  520:      p = endp;
        -:  521:    }
        5:  522:  if (out_invert && p < lim)
        5:  522-block  0
branch  0 taken 40%
branch  1 taken 60%
        2:  522-block  1
branch  2 taken 0%
branch  3 taken 100%
        -:  523:    {
        2:  524:      prtext(p, lim, &n);
        2:  525:      nlines += n;
        2:  526:    }
        2:  526-block  0
        5:  527:  return nlines;
        5:  527-block  0
        -:  528:}
        -:  529:
        -:  530:/* Search a given file.  Return a count of lines printed. */
        -:  531:static int
function grep called 5 returned 100% blocks executed 82%
        5:  532:grep(fd)
        -:  533:     int fd;
        -:  534:{
        -:  535:  int nlines, i;
        -:  536:  size_t residue, save;
        -:  537:  char *beg, *lim;
        -:  538:
        5:  539:  reset(fd);
        -:  540:
        5:  541:  totalcc = 0;
        5:  542:  lastout = 0;
        5:  543:  totalnl = 0;
        5:  544:  pending = 0;
        -:  545:
        5:  546:  nlines = 0;
        5:  547:  residue = 0;
        5:  548:  save = 0;
        -:  549:
       10:  550:  for (;;)
        5:  550-block  0
        5:  550-block  1
        -:  551:    {
       10:  552:      if (fillbuf(save) < 0)
       10:  552-block  0
branch  0 taken 100%
branch  1 taken 0%
        -:  553:	{
    #####:  554:	  error(filename, errno);
    #####:  555:	  return nlines;
    $$$$$:  555-block  0
        -:  556:	}
       10:  557:      lastnl = bufbeg;
       10:  558:      if (lastout)
       10:  558-block  0
branch  0 taken 100%
branch  1 taken 0%
    #####:  559:	lastout = bufbeg;
    $$$$$:  559-block  0
       10:  560:      if (buflim - bufbeg == save)
       10:  560-block  0
branch  0 taken 50%
branch  1 taken 50%
        5:  561:	break;
        5:  561-block  0
        5:  562:      beg = bufbeg + save - residue;
        5:  563:      for (lim = buflim; lim > beg && lim[-1] != '\n'; --lim)
        5:  563-block  0
        5:  563-block  1
branch  0 taken 0%
branch  1 taken 100%
        5:  563-block  2
        5:  563-block  3
branch  2 taken 0%
branch  3 taken 100%
    $$$$$:  563-block  4
    $$$$$:  563-block  5
        -:  564:	;
        5:  565:      residue = buflim - lim;
        5:  566:      if (beg < lim)
        5:  566-block  0
branch  0 taken 0%
branch  1 taken 100%
        -:  567:	{
        5:  568:	  nlines += grepbuf(beg, lim);
        5:  569:	  if (pending)
        5:  569-block  0
branch  0 taken 60%
branch  1 taken 40%
        2:  570:	    prpending(lim);
        2:  570-block  0
        5:  571:	}
        5:  571-block  0
        5:  572:      i = 0;
        5:  573:      beg = lim;
       55:  574:      while (i < out_before && beg > bufbeg && beg != lastout)
        5:  574-block  0
       55:  574-block  1
branch  0 taken 91%
branch  1 taken 9%
       50:  574-block  2
branch  2 taken 0%
branch  3 taken 100%
       50:  574-block  3
       55:  574-block  4
branch  4 taken 91%
branch  5 taken 9%
       50:  574-block  5
        -:  575:	{
       50:  576:	  ++i;
       50:  577:	  do
       50:  577-block  0
     3270:  578:	    --beg;
     3220:  578-block  0
     3220:  578-block  1
branch  0 taken 98%
branch  1 taken 2%
     3220:  579:	  while (beg > bufbeg && beg[-1] != '\n');
     3220:  579-block  0
branch  0 taken 0%
branch  1 taken 100%
     3220:  579-block  1
        -:  580:	}
        5:  581:      if (beg != lastout)
        5:  581-block  0
branch  0 taken 0%
branch  1 taken 100%
        5:  582:	lastout = 0;
        5:  582-block  0
        5:  583:      save = residue + lim - beg;
        5:  584:      totalcc += buflim - bufbeg - save;
        5:  585:      if (out_line)
        5:  585-block  0
branch  0 taken 60%
branch  1 taken 40%
        2:  586:	nlscan(beg);
        2:  586-block  0
        -:  587:    }
        5:  588:  if (residue)
        5:  588-block  0
branch  0 taken 100%
branch  1 taken 0%
        -:  589:    {
    #####:  590:      nlines += grepbuf(bufbeg + save - residue, buflim);
    #####:  591:      if (pending)
    $$$$$:  591-block  0
branch  0 never executed
branch  1 never executed
    #####:  592:	prpending(buflim);
    $$$$$:  592-block  0
    #####:  593:    }
    $$$$$:  593-block  0
        5:  594:  return nlines;
        5:  594-block  0
        5:  595:}
        5:  595-block  0
        -:  596:
        -:  597:static char version[] = "GNU grep version 2.0";
        -:  598:
        -:  599:#define USAGE \
        -:  600:  "usage: %s [-[[AB] ]<num>] [-[CEFGVchilnqsvwx]] [-[ef]] <expr> [<files...>]\n"
        -:  601:
        -:  602:static void
function usage called 1 returned 100% blocks executed 100%
        1:  603:usage()
        -:  604:{
        1:  605:  fprintf(stderr, USAGE, prog);
        1:  606:  exit(2);
        1:  606-block  0
        -:  607:}
        -:  608:
        -:  609:/* Go through the matchers vector and look for the specified matcher.
        -:  610:   If we find it, install it in compile and execute, and return 1.  */
        -:  611:int
function setmatcher called 6 returned 100% blocks executed 100%
        6:  612:setmatcher(name)
        -:  613:     char *name;
        -:  614:{
        -:  615:  int i;
        -:  616:
       31:  617:  for (i = 0; matchers[i].name; ++i)
        6:  617-block  0
       31:  617-block  1
branch  0 taken 97%
branch  1 taken 3%
       25:  617-block  2
       30:  618:    if (strcmp(name, matchers[i].name) == 0)
       30:  618-block  0
branch  0 taken 17%
branch  1 taken 83%
       25:  618-block  1
        -:  619:      {
        5:  620:	compile = matchers[i].compile;
        5:  621:	execute = matchers[i].execute;
        5:  622:	return 1;
        5:  622-block  0
        -:  623:      }
        1:  624:  return 0;
        1:  624-block  0
        6:  625:}  
        6:  625-block  0
        -:  626:
        -:  627:int
function main called 7 returned 71% blocks executed 48%
        7:  628:main(argc, argv)
        -:  629:     int argc;
        -:  630:     char *argv[];
        -:  631:{
        -:  632:  char *keys;
        -:  633:  size_t keycc, oldcc, keyalloc;
        -:  634:  int keyfound, count_matches, no_filenames, list_files, suppress_errors;
        -:  635:  int opt, cc, desc, count, status;
        -:  636:  FILE *fp;
        -:  637:  extern char *optarg;
        -:  638:  extern int optind;
        -:  639:  /* add this line for diff between *.c and *.int.c */
        7:  640:  argv[0] = "target";
        -:  641:
        7:  642:  prog = argv[0];
        7:  643:  if (prog && strrchr(prog, '/'))
        7:  643-block  0
branch  0 taken 86%
branch  1 taken 14%
        6:  643-block  1
branch  2 taken 100%
branch  3 taken 0%
    #####:  644:    prog = strrchr(prog, '/') + 1;
    $$$$$:  644-block  0
        -:  645:
        7:  646:  keys = NULL;
        7:  647:  keycc = 0;
        7:  648:  keyfound = 0;
        7:  649:  count_matches = 0;
        7:  650:  no_filenames = 0;
        7:  651:  list_files = 0;
        7:  652:  suppress_errors = 0;
        7:  653:  matcher = NULL;
        -:  654:
       45:  655:  while ((opt = getopt(argc, argv, "0123456789A:B:CEFGVX:bce:f:hiLlnqsvwxy"))
        5:  655-block  0
       43:  655-block  1
branch  0 taken 88%
branch  1 taken 12%
       43:  655-block  2
branch  2 taken 88%
branch  3 taken 12%
       38:  655-block  3
       43:  656:	 != EOF)
       38:  657:    switch (opt)
       38:  657-block  0
branch  0 taken 0%
branch  1 taken 3%
branch  2 taken 3%
branch  3 taken 16%
branch  4 taken 16%
branch  5 taken 0%
branch  6 taken 3%
branch  7 taken 5%
branch  8 taken 3%
branch  9 taken 0%
branch 10 taken 0%
branch 11 taken 11%
branch 12 taken 11%
branch 13 taken 3%
branch 14 taken 0%
branch 15 taken 0%
branch 16 taken 0%
branch 17 taken 0%
branch 18 taken 11%
branch 19 taken 3%
branch 20 taken 3%
branch 21 taken 5%
branch 22 taken 3%
branch 23 taken 5%
    $$$$$:  657-block  1
    $$$$$:  657-block  2
    $$$$$:  657-block  3
    $$$$$:  657-block  4
    $$$$$:  657-block  5
    $$$$$:  657-block  6
    $$$$$:  657-block  7
    $$$$$:  657-block  8
    $$$$$:  657-block  9
    $$$$$:  657-block 10
        -:  658:      {
        -:  659:      case '0':
        -:  660:      case '1':
        -:  661:      case '2':
        -:  662:      case '3':
        -:  663:      case '4':
        -:  664:      case '5':
        -:  665:      case '6':
        -:  666:      case '7':
        -:  667:      case '8':
        -:  668:      case '9':
    #####:  669:	out_before = 10 * out_before + opt - '0';
    #####:  670:	out_after = 10 * out_after + opt - '0';
    #####:  671:	break;
    $$$$$:  671-block  0
        -:  672:      case 'A':
        6:  673:	out_after = atoi(optarg);
        6:  674:	if (out_after < 0)
        6:  674-block  0
branch  0 taken 0%
branch  1 taken 100%
    #####:  675:	  usage();
    $$$$$:  675-block  0
        6:  676:	break;
        6:  676-block  0
        -:  677:      case 'B':
        6:  678:	out_before = atoi(optarg);
        6:  679:	if (out_before < 0)
        6:  679-block  0
branch  0 taken 0%
branch  1 taken 100%
    #####:  680:	  usage();
    $$$$$:  680-block  0
        6:  681:	break;
        6:  681-block  0
        -:  682:      case 'C':
    #####:  683:	out_before = out_after = 2;
    #####:  684:	break;
    $$$$$:  684-block  0
        -:  685:      case 'E':
        1:  686:	if (matcher && strcmp(matcher, "egrep") != 0)
        1:  686-block  0
branch  0 taken 0%
branch  1 taken 100%
    $$$$$:  686-block  1
branch  2 never executed
branch  3 never executed
    #####:  687:	  fatal("you may specify only one of -E, -F, or -G", 0);
    $$$$$:  687-block  0
        1:  688:	matcher = "posix-egrep";
        1:  689:	break;
        1:  689-block  0
        -:  690:      case 'F':
        2:  691:	if (matcher && strcmp(matcher, "fgrep") != 0)
        2:  691-block  0
branch  0 taken 0%
branch  1 taken 100%
    $$$$$:  691-block  1
branch  2 never executed
branch  3 never executed
    #####:  692:	  fatal("you may specify only one of -E, -F, or -G", 0);;
    $$$$$:  692-block  0
        2:  693:	matcher = "fgrep";
        2:  694:	break;
        2:  694-block  0
        -:  695:      case 'G':
        1:  696:	if (matcher && strcmp(matcher, "grep") != 0)
        1:  696-block  0
branch  0 taken 0%
branch  1 taken 100%
    $$$$$:  696-block  1
branch  2 never executed
branch  3 never executed
    #####:  697:	  fatal("you may specify only one of -E, -F, or -G", 0);
    $$$$$:  697-block  0
        1:  698:	matcher = "grep";
        1:  699:	break;
        1:  699-block  0
        -:  700:      case 'V':
    #####:  701:	fprintf(stderr, "%s\n", version);
    #####:  702:	break;
    $$$$$:  702-block  0
        -:  703:      case 'X':
    #####:  704:	if (matcher)
    $$$$$:  704-block  0
branch  0 never executed
branch  1 never executed
    #####:  705:	  fatal("matcher already specified", 0);
    $$$$$:  705-block  0
    #####:  706:	matcher = optarg;
    #####:  707:	break;
    $$$$$:  707-block  0
        -:  708:      case 'b':
        4:  709:	out_byte = 1;
        4:  710:	break;
        4:  710-block  0
        -:  711:      case 'c':
        4:  712:	out_quiet = 1;
        4:  713:	count_matches = 1;
        4:  714:	break;
        4:  714-block  0
        -:  715:      case 'e':
        1:  716:	cc = strlen(optarg);
        1:  717:	keys = xrealloc(keys, keycc + cc + 1);
        1:  718:	if (keyfound)
        1:  718-block  0
branch  0 taken 100%
branch  1 taken 0%
    #####:  719:	  keys[keycc++] = '\n';
    $$$$$:  719-block  0
        1:  720:	strcpy(&keys[keycc], optarg);
        1:  721:	keycc += cc;
        1:  722:	keyfound = 1;
        1:  723:	break;
        1:  723-block  0
        -:  724:      case 'f':
    #####:  725:	fp = strcmp(optarg, "-") != 0 ? fopen(optarg, "r") : stdin;
    $$$$$:  725-block  0
branch  0 never executed
branch  1 never executed
    $$$$$:  725-block  1
    $$$$$:  725-block  2
    #####:  726:	if (!fp)
    $$$$$:  726-block  0
branch  0 never executed
branch  1 never executed
    #####:  727:	  fatal(optarg, errno);
    $$$$$:  727-block  0
    #####:  728:	for (keyalloc = 1; keyalloc <= keycc; keyalloc *= 2)
    $$$$$:  728-block  0
    $$$$$:  728-block  1
branch  0 never executed
branch  1 never executed
    $$$$$:  728-block  2
    $$$$$:  728-block  3
        -:  729:	  ;
    #####:  730:	keys = xrealloc(keys, keyalloc);
    #####:  731:	oldcc = keycc;
    #####:  732:	if (keyfound)
    $$$$$:  732-block  0
branch  0 never executed
branch  1 never executed
    #####:  733:	  keys[keycc++] = '\n';
    $$$$$:  733-block  0
    #####:  734:	while (!feof(fp)
    $$$$$:  734-block  0
    $$$$$:  734-block  1
branch  0 never executed
branch  1 never executed
    $$$$$:  734-block  2
    #####:  735:	       && (cc = fread(keys + keycc, 1, keyalloc - keycc, fp)) > 0)
    $$$$$:  735-block  0
branch  0 never executed
branch  1 never executed
    $$$$$:  735-block  1
        -:  736:	  {
    #####:  737:	    keycc += cc;
    #####:  738:	    if (keycc == keyalloc)
    $$$$$:  738-block  0
branch  0 never executed
branch  1 never executed
    #####:  739:	      keys = xrealloc(keys, keyalloc *= 2);
    $$$$$:  739-block  0
        -:  740:	  }
    #####:  741:	if (fp != stdin)
    $$$$$:  741-block  0
branch  0 never executed
branch  1 never executed
    #####:  742:	  fclose(fp);
    $$$$$:  742-block  0
        -:  743:	/* Nuke the final newline to avoid matching a null string. */
    #####:  744:	if (keycc - oldcc > 0 && keys[keycc - 1] == '\n')
    $$$$$:  744-block  0
branch  0 never executed
branch  1 never executed
    $$$$$:  744-block  1
branch  2 never executed
branch  3 never executed
    #####:  745:	  --keycc;
    $$$$$:  745-block  0
    #####:  746:	keyfound = 1;
    #####:  747:	break;
    $$$$$:  747-block  0
        -:  748:      case 'h':
    #####:  749:	no_filenames = 1;
    #####:  750:	break;
    $$$$$:  750-block  0
        -:  751:      case 'i':
        -:  752:      case 'y':			/* For old-timers . . . */
        1:  753:	match_icase = 1;
        1:  754:	break;
        1:  754-block  0
        -:  755:      case 'L':
        -:  756:	/* Like -l, except list files that don't contain matches.
        -:  757:	   Inspired by the same option in Hume's gre. */
    #####:  758:	out_quiet = 1;
    #####:  759:	list_files = -1;
    #####:  760:	break;
    $$$$$:  760-block  0
        -:  761:      case 'l':
    #####:  762:	out_quiet = 1;
    #####:  763:	list_files = 1;
    #####:  764:	break;
    $$$$$:  764-block  0
        -:  765:      case 'n':
        4:  766:	out_line = 1;
        4:  767:	break;
        4:  767-block  0
        -:  768:      case 'q':
        1:  769:	out_quiet = 1;
        1:  770:	break;
        1:  770-block  0
        -:  771:      case 's':
        1:  772:	suppress_errors = 1;
        1:  773:	break;
        1:  773-block  0
        -:  774:      case 'v':
        2:  775:	out_invert = 1;
        2:  776:	break;
        2:  776-block  0
        -:  777:      case 'w':
        1:  778:	match_words = 1;
        1:  779:	break;
        1:  779-block  0
        -:  780:      case 'x':
        2:  781:	match_lines = 1;
        2:  782:	break;
        2:  782-block  0
        -:  783:      default:
        1:  784:	usage();
        1:  785:	break;
        1:  785-block  0
        -:  786:      }
        -:  787:
        5:  788:  if (!keyfound)
        5:  788-block  0
branch  0 taken 20%
branch  1 taken 80%
        8:  789:    if (optind < argc)
        4:  789-block  0
branch  0 taken 100%
branch  1 taken 0%
        4:  789-block  1
        -:  790:      {
        4:  791:	keys = argv[optind++];
        4:  792:	keycc = strlen(keys);
        4:  793:      }
        4:  793-block  0
        -:  794:    else
    #####:  795:      usage();
    $$$$$:  795-block  0
        -:  796:
        5:  797:  if (!matcher)
        5:  797-block  0
branch  0 taken 80%
branch  1 taken 20%
        1:  798:    matcher = prog;
        1:  798-block  0
        -:  799:
        5:  800:  if (!setmatcher(matcher) && !setmatcher("default"))
        5:  800-block  0
branch  0 taken 20%
branch  1 taken 80%
        1:  800-block  1
branch  2 taken 100%
branch  3 taken 0%
    #####:  801:    abort();
    $$$$$:  801-block  0
        -:  802:
        5:  803:  (*compile)(keys, keycc);
        -:  804:
        5:  805:  if (argc - optind > 1 && !no_filenames)
        5:  805-block  0
branch  0 taken 20%
branch  1 taken 80%
        1:  805-block  1
branch  2 taken 0%
branch  3 taken 100%
        1:  806:    out_file = 1;
        1:  806-block  0
        -:  807:
        5:  808:  status = 1;
        -:  809:
        5:  810:  if (optind < argc)
        5:  810-block  0
branch  0 taken 100%
branch  1 taken 0%
       11:  811:    while (optind < argc)
        5:  811-block  0
       11:  811-block  1
branch  0 taken 55%
branch  1 taken 45%
        6:  811-block  2
        5:  811-block  3
        -:  812:      {
        6:  813:	desc = strcmp(argv[optind], "-") ? open(argv[optind], O_RDONLY) : 0;
        6:  813-block  0
branch  0 taken 100%
branch  1 taken 0%
        6:  813-block  1
    $$$$$:  813-block  2
        6:  814:	if (desc < 0)
        6:  814-block  0
branch  0 taken 83%
branch  1 taken 17%
        -:  815:	  {
        1:  816:	    if (!suppress_errors)
        1:  816-block  0
branch  0 taken 0%
branch  1 taken 100%
        1:  817:	      error(argv[optind], errno);
        1:  817-block  0
        1:  818:	  }
        1:  818-block  0
        -:  819:	else
        -:  820:	  {
        5:  821:	    filename = desc == 0 ? "(standard input)" : argv[optind];
        5:  821-block  0
branch  0 taken 100%
branch  1 taken 0%
    $$$$$:  821-block  1
        5:  821-block  2
        5:  822:	    count = grep(desc);
        5:  823:	    if (count_matches)
        5:  823-block  0
branch  0 taken 40%
branch  1 taken 60%
        -:  824:	      {
        2:  825:		if (out_file)
        2:  825-block  0
branch  0 taken 0%
branch  1 taken 100%
    #####:  826:		  printf("%s:", filename);
    $$$$$:  826-block  0
        2:  827:		printf("%d\n", count);
        2:  828:	      }
        2:  828-block  0
        5:  829:	    if (count)
        5:  829-block  0
branch  0 taken 40%
branch  1 taken 60%
        -:  830:	      {
        2:  831:		status = 0;
        2:  832:		if (list_files == 1)
        2:  832-block  0
branch  0 taken 100%
branch  1 taken 0%
    #####:  833:		  printf("%s\n", filename);
    $$$$$:  833-block  0
        2:  834:	      }
        2:  834-block  0
        3:  835:	    else if (list_files == -1)
        3:  835-block  0
branch  0 taken 100%
branch  1 taken 0%
    #####:  836:	      printf("%s\n", filename);
    $$$$$:  836-block  0
        -:  837:	  }
        6:  838:	if (desc != 0)
        6:  838-block  0
branch  0 taken 0%
branch  1 taken 100%
        6:  839:	  close(desc);
        6:  839-block  0
        6:  840:	++optind;
        -:  841:      }
        -:  842:  else
        -:  843:    {
    #####:  844:      filename = "(standard input)";
    #####:  845:      count = grep(0);
    #####:  846:      if (count_matches)
    $$$$$:  846-block  0
branch  0 never executed
branch  1 never executed
    #####:  847:	printf("%d\n", count);
    $$$$$:  847-block  0
    #####:  848:      if (count)
    $$$$$:  848-block  0
branch  0 never executed
branch  1 never executed
        -:  849:	{
    #####:  850:	  status = 0;
    #####:  851:	  if (list_files == 1)
    $$$$$:  851-block  0
branch  0 never executed
branch  1 never executed
    #####:  852:	    printf("(standard input)\n");
    $$$$$:  852-block  0
    #####:  853:	}
    $$$$$:  853-block  0
    #####:  854:      else if (list_files == -1)
    $$$$$:  854-block  0
branch  0 never executed
branch  1 never executed
    #####:  855:	printf("(standard input)\n");
    $$$$$:  855-block  0
        -:  856:    }
        -:  857:
        5:  858:  exit(errseen ? 2 : status);
        5:  858-block  0
branch  0 taken 20%
branch  1 taken 80%
        1:  858-block  1
        4:  858-block  2
        5:  858-block  3
        -:  859:}
        -:  860:/* Getopt for GNU.
        -:  861:   NOTE: getopt is now part of the C library, so if you don't know what
        -:  862:   "Keep this file name-space clean" means, talk to roland@gnu.ai.mit.edu
        -:  863:   before changing it!
        -:  864:
        -:  865:   Copyright (C) 1987, 88, 89, 90, 91, 92, 1993
        -:  866:   	Free Software Foundation, Inc.
        -:  867:
        -:  868:   This program is free software; you can redistribute it and/or modify it
        -:  869:   under the terms of the GNU General Public License as published by the
        -:  870:   Free Software Foundation; either version 2, or (at your option) any
        -:  871:   later version.
        -:  872:
        -:  873:   This program is distributed in the hope that it will be useful,
        -:  874:   but WITHOUT ANY WARRANTY; without even the implied warranty of
        -:  875:   MERCHANTABILITY or FITNESS FOR A PARTICULAR PURPOSE.  See the
        -:  876:   GNU General Public License for more details.
        -:  877:
        -:  878:   You should have received a copy of the GNU General Public License
        -:  879:   along with this program; if not, write to the Free Software
        -:  880:   Foundation, 675 Mass Ave, Cambridge, MA 02139, USA.  */
        -:  881:
        -:  882:/* NOTE!!!  AIX requires this to be the first thing in the file.
        -:  883:   Do not put ANYTHING before it!  */
        -:  884:#if !defined (__GNUC__) && defined (_AIX)
        -:  885: #pragma alloca
        -:  886:#endif
        -:  887:
        -:  888:#ifdef HAVE_CONFIG_H
        -:  889:#include "config.h"
        -:  890:#define flag_config 1
        -:  891:#endif
        -:  892:
        -:  893:#if (defined( __GNUC__) && (!defined(LINUX)))
        -:  894:#define alloca __builtin_alloca
        -:  895:#else /* not __GNUC__ */
        -:  896:#if defined (HAVE_ALLOCA_H) || (defined(sparc) && (defined(sun) || (!defined(USG) && !defined(SVR4) && !defined(__svr4__))))
        -:  897:#include <alloca.h>
        -:  898:#define flag_alloca 1
        -:  899:#else
        -:  900:#ifndef _AIX
        -:  901:char *alloca ();
        -:  902:#endif
        -:  903:#endif /* alloca.h */
        -:  904:#endif /* not __GNUC__ */
        -:  905:
        -:  906:#if !__STDC__ && !defined(const) && IN_GCC
        -:  907:#define const
        -:  908:#endif
        -:  909:
        -:  910:/* This tells Alpha OSF/1 not to define a getopt prototype in <stdio.h>.  */
        -:  911:#ifndef _NO_PROTO
        -:  912:#define _NO_PROTO
        -:  913:#endif
        -:  914:
        -:  915:/*#include <stdio.h> */
        -:  916:
        -:  917:/* Comment out all this code if we are using the GNU C Library, and are not
        -:  918:   actually compiling the library itself.  This code is part of the GNU C
        -:  919:   Library, but also included in many other GNU distributions.  Compiling
        -:  920:   and linking in this code is a waste when using the GNU C library
        -:  921:   (especially if it is a shared library).  Rather than having every GNU
        -:  922:   program understand `configure --with-gnu-libc' and omit the object files,
        -:  923:   it is simpler to just do this in the source for each such file.  */
        -:  924:
        -:  925:#if defined (_LIBC) || !defined (__GNU_LIBRARY__)
        -:  926:
        -:  927:
        -:  928:/* This needs to come after some library #include
        -:  929:   to get __GNU_LIBRARY__ defined.  */
        -:  930:#ifdef	__GNU_LIBRARY__
        -:  931:#undef	alloca
        -:  932:/* Don't include stdlib.h for non-GNU C libraries because some of them
        -:  933:   contain conflicting prototypes for getopt.  */
        -:  934:#if flag_stdlib==0   
        -:  935:#include <stdlib.h>
        -:  936:#define flag_stdlib 1
        -:  937:#endif
        -:  938:#else	/* Not GNU C library.  */
        -:  939:#define	__alloca	alloca
        -:  940:#endif	/* GNU C library.  */
        -:  941:
        -:  942:/* If GETOPT_COMPAT is defined, `+' as well as `--' can introduce a
        -:  943:   long-named option.  Because this is not POSIX.2 compliant, it is
        -:  944:   being phased out.  */
        -:  945:/* #define GETOPT_COMPAT */
        -:  946:
        -:  947:/* This version of `getopt' appears to the caller like standard Unix `getopt'
        -:  948:   but it behaves differently for the user, since it allows the user
        -:  949:   to intersperse the options with the other arguments.
        -:  950:
        -:  951:   As `getopt' works, it permutes the elements of ARGV so that,
        -:  952:   when it is done, all the options precede everything else.  Thus
        -:  953:   all application programs are extended to handle flexible argument order.
        -:  954:
        -:  955:   Setting the environment variable POSIXLY_CORRECT disables permutation.
        -:  956:   Then the behavior is completely standard.
        -:  957:
        -:  958:   GNU application programs can use a third alternative mode in which
        -:  959:   they can distinguish the relative order of options and other arguments.  */
        -:  960:
        -:  961:#include "getopt.h"
        -:  962:
        -:  963:/* For communication from `getopt' to the caller.
        -:  964:   When `getopt' finds an option that takes an argument,
        -:  965:   the argument value is returned here.
        -:  966:   Also, when `ordering' is RETURN_IN_ORDER,
        -:  967:   each non-option ARGV-element is returned here.  */
        -:  968:
        -:  969:char *optarg = 0;
        -:  970:
        -:  971:/* Index in ARGV of the next element to be scanned.
        -:  972:   This is used for communication to and from the caller
        -:  973:   and for communication between successive calls to `getopt'.
        -:  974:
        -:  975:   On entry to `getopt', zero means this is the first call; initialize.
        -:  976:
        -:  977:   When `getopt' returns EOF, this is the index of the first of the
        -:  978:   non-option elements that the caller should itself scan.
        -:  979:
        -:  980:   Otherwise, `optind' communicates from one call to the next
        -:  981:   how much of ARGV has been scanned so far.  */
        -:  982:
        -:  983:/* XXX 1003.2 says this must be 1 before any call.  */
        -:  984:int optind = 0;
        -:  985:
        -:  986:/* The next char to be scanned in the option-element
        -:  987:   in which the last option character we returned was found.
        -:  988:   This allows us to pick up the scan where we left off.
        -:  989:
        -:  990:   If this is zero, or a null string, it means resume the scan
        -:  991:   by advancing to the next ARGV-element.  */
        -:  992:
        -:  993:static char *nextchar;
        -:  994:
        -:  995:/* Callers store zero here to inhibit the error message
        -:  996:   for unrecognized options.  */
        -:  997:
        -:  998:int opterr = 1;
        -:  999:
        -: 1000:/* Set to an option character which was unrecognized.
        -: 1001:   This must be initialized on some systems to avoid linking in the
        -: 1002:   system's own getopt implementation.  */
        -: 1003:
        -: 1004:int optopt = '?';
        -: 1005:
        -: 1006:/* Describe how to deal with options that follow non-option ARGV-elements.
        -: 1007:
        -: 1008:   If the caller did not specify anything,
        -: 1009:   the default is REQUIRE_ORDER if the environment variable
        -: 1010:   POSIXLY_CORRECT is defined, PERMUTE otherwise.
        -: 1011:
        -: 1012:   REQUIRE_ORDER means don't recognize them as options;
        -: 1013:   stop option processing when the first non-option is seen.
        -: 1014:   This is what Unix does.
        -: 1015:   This mode of operation is selected by either setting the environment
        -: 1016:   variable POSIXLY_CORRECT, or using `+' as the first character
        -: 1017:   of the list of option characters.
        -: 1018:
        -: 1019:   PERMUTE is the default.  We permute the contents of ARGV as we scan,
        -: 1020:   so that eventually all the non-options are at the end.  This allows options
        -: 1021:   to be given in any order, even with programs that were not written to
        -: 1022:   expect this.
        -: 1023:
        -: 1024:   RETURN_IN_ORDER is an option available to programs that were written
        -: 1025:   to expect options and other ARGV-elements in any order and that care about
        -: 1026:   the ordering of the two.  We describe each non-option ARGV-element
        -: 1027:   as if it were the argument of an option with character code 1.
        -: 1028:   Using `-' as the first character of the list of option characters
        -: 1029:   selects this mode of operation.
        -: 1030:
        -: 1031:   The special argument `--' forces an end of option-scanning regardless
        -: 1032:   of the value of `ordering'.  In the case of RETURN_IN_ORDER, only
        -: 1033:   `--' can cause `getopt' to return EOF with `optind' != ARGC.  */
        -: 1034:
        -: 1035:static enum
        -: 1036:{
        -: 1037:  REQUIRE_ORDER, PERMUTE, RETURN_IN_ORDER
        -: 1038:} ordering;
        -: 1039:
        -: 1040:#ifdef	__GNU_LIBRARY__
        -: 1041:/* We want to avoid inclusion of string.h with non-GNU libraries
        -: 1042:   because there are many ways it can cause trouble.
        -: 1043:   On some systems, it contains special magic macros that don't work
        -: 1044:   in GCC.  */
        -: 1045:#if flag_string==0   
        -: 1046:#include <string.h>
        -: 1047:#define flag_string 1
        -: 1048:#endif
        -: 1049:#define	my_index	strchr
        -: 1050:#define	my_bcopy(src, dst, n)	memcpy ((dst), (src), (n))
        -: 1051:#else
        -: 1052:
        -: 1053:/* Avoid depending on library functions or files
        -: 1054:   whose names are inconsistent.  */
        -: 1055:
        -: 1056:char *getenv ();
        -: 1057:
        -: 1058:static char *
function my_index called 38 returned 100% blocks executed 100%
       38: 1059:my_index (str, chr)
        -: 1060:     const char *str;
        -: 1061:     int chr;
        -: 1062:{
      859: 1063:  while (*str)
       38: 1063-block  0
      859: 1063-block  1
branch  0 taken 99%
branch  1 taken 1%
      821: 1063-block  2
        -: 1064:    {
      858: 1065:      if (*str == chr)
      858: 1065-block  0
branch  0 taken 4%
branch  1 taken 96%
       37: 1066:	return (char *) str;
       37: 1066-block  0
      821: 1067:      str++;
        -: 1068:    }
        1: 1069:  return 0;
        1: 1069-block  0
       38: 1070:}
       38: 1070-block  0
        -: 1071:
        -: 1072:static void
function my_bcopy called 0 returned 0% blocks executed 0%
    #####: 1073:my_bcopy (from, to, size)
        -: 1074:     const char *from;
        -: 1075:     char *to;
        -: 1076:     int size;
        -: 1077:{
        -: 1078:  int i;
    #####: 1079:  for (i = 0; i < size; i++)
    $$$$$: 1079-block  0
    $$$$$: 1079-block  1
branch  0 never executed
branch  1 never executed
    $$$$$: 1079-block  2
    #####: 1080:    to[i] = from[i];
    $$$$$: 1080-block  0
    #####: 1081:}
    $$$$$: 1081-block  0
        -: 1082:#endif				/* GNU C library.  */
        -: 1083:
        -: 1084:/* Handle permutation of arguments.  */
        -: 1085:
        -: 1086:/* Describe the part of ARGV that contains non-options that have
        -: 1087:   been skipped.  `first_nonopt' is the index in ARGV of the first of them;
        -: 1088:   `last_nonopt' is the index after the last of them.  */
        -: 1089:
        -: 1090:static int first_nonopt;
        -: 1091:static int last_nonopt;
        -: 1092:
        -: 1093:/* Exchange two adjacent subsequences of ARGV.
        -: 1094:   One subsequence is elements [first_nonopt,last_nonopt)
        -: 1095:   which contains all the non-options that have been skipped so far.
        -: 1096:   The other is elements [last_nonopt,optind), which contains all
        -: 1097:   the options processed since those non-options were skipped.
        -: 1098:
        -: 1099:   `first_nonopt' and `last_nonopt' are relocated so that they describe
        -: 1100:   the new indices of the non-options in ARGV after they are moved.  */
        -: 1101:
        -: 1102:static void
function exchange called 0 returned 0% blocks executed 0%
    #####: 1103:exchange (argv)
        -: 1104:     char **argv;
        -: 1105:{
    #####: 1106:  int nonopts_size = (last_nonopt - first_nonopt) * sizeof (char *);
    #####: 1107:  char **temp = (char **) __alloca (nonopts_size);
        -: 1108:
        -: 1109:  /* Interchange the two blocks of data in ARGV.  */
        -: 1110:
    #####: 1111:  my_bcopy ((char *) &argv[first_nonopt], (char *) temp, nonopts_size);
    #####: 1112:  my_bcopy ((char *) &argv[last_nonopt], (char *) &argv[first_nonopt],
    #####: 1113:	    (optind - last_nonopt) * sizeof (char *));
    #####: 1114:  my_bcopy ((char *) temp,
    #####: 1115:	    (char *) &argv[first_nonopt + optind - last_nonopt],
    #####: 1116:	    nonopts_size);
        -: 1117:
        -: 1118:  /* Update records for the slots the non-options now occupy.  */
        -: 1119:
    #####: 1120:  first_nonopt += (optind - last_nonopt);
    #####: 1121:  last_nonopt = optind;
    #####: 1122:}
    $$$$$: 1122-block  0
        -: 1123:
        -: 1124:/* Scan elements of ARGV (whose length is ARGC) for option characters
        -: 1125:   given in OPTSTRING.
        -: 1126:
        -: 1127:   If an element of ARGV starts with '-', and is not exactly "-" or "--",
        -: 1128:   then it is an option element.  The characters of this element
        -: 1129:   (aside from the initial '-') are option characters.  If `getopt'
        -: 1130:   is called repeatedly, it returns successively each of the option characters
        -: 1131:   from each of the option elements.
        -: 1132:
        -: 1133:   If `getopt' finds another option character, it returns that character,
        -: 1134:   updating `optind' and `nextchar' so that the next call to `getopt' can
        -: 1135:   resume the scan with the following option character or ARGV-element.
        -: 1136:
        -: 1137:   If there are no more option characters, `getopt' returns `EOF'.
        -: 1138:   Then `optind' is the index in ARGV of the first ARGV-element
        -: 1139:   that is not an option.  (The ARGV-elements have been permuted
        -: 1140:   so that those that are not options now come last.)
        -: 1141:
        -: 1142:   OPTSTRING is a string containing the legitimate option characters.
        -: 1143:   If an option character is seen that is not listed in OPTSTRING,
        -: 1144:   return '?' after printing an error message.  If you set `opterr' to
        -: 1145:   zero, the error message is suppressed but we still return '?'.
        -: 1146:
        -: 1147:   If a char in OPTSTRING is followed by a colon, that means it wants an arg,
        -: 1148:   so the following text in the same ARGV-element, or the text of the following
        -: 1149:   ARGV-element, is returned in `optarg'.  Two colons mean an option that
        -: 1150:   wants an optional arg; if there is text in the current ARGV-element,
        -: 1151:   it is returned in `optarg', otherwise `optarg' is set to zero.
        -: 1152:
        -: 1153:   If OPTSTRING starts with `-' or `+', it requests different methods of
        -: 1154:   handling the non-option ARGV-elements.
        -: 1155:   See the comments about RETURN_IN_ORDER and REQUIRE_ORDER, above.
        -: 1156:
        -: 1157:   Long-named options begin with `--' instead of `-'.
        -: 1158:   Their names may be abbreviated as long as the abbreviation is unique
        -: 1159:   or is an exact match for some defined option.  If they have an
        -: 1160:   argument, it follows the option name in the same ARGV-element, separated
        -: 1161:   from the option name by a `=', or else the in next ARGV-element.
        -: 1162:   When `getopt' finds a long-named option, it returns 0 if that option's
        -: 1163:   `flag' field is nonzero, the value of the option's `val' field
        -: 1164:   if the `flag' field is zero.
        -: 1165:
        -: 1166:   The elements of ARGV aren't really const, because we permute them.
        -: 1167:   But we pretend they're const in the prototype to be compatible
        -: 1168:   with other systems.
        -: 1169:
        -: 1170:   LONGOPTS is a vector of `struct option' terminated by an
        -: 1171:   element containing a name which is zero.
        -: 1172:
        -: 1173:   LONGIND returns the index in LONGOPT of the long-named option found.
        -: 1174:   It is only valid when a long-named option has been found by the most
        -: 1175:   recent call.
        -: 1176:
        -: 1177:   If LONG_ONLY is nonzero, '-' as well as '--' can introduce
        -: 1178:   long-named options.  */
        -: 1179:
        -: 1180:int
function _getopt_internal called 43 returned 100% blocks executed 37%
       43: 1181:_getopt_internal (argc, argv, optstring, longopts, longind, long_only)
        -: 1182:     int argc;
        -: 1183:     char *const *argv;
        -: 1184:     const char *optstring;
        -: 1185:     const struct option *longopts;
        -: 1186:     int *longind;
        -: 1187:     int long_only;
        -: 1188:{
        -: 1189:  int option_index;
        -: 1190:
       43: 1191:  optarg = 0;
        -: 1192:
        -: 1193:  /* Initialize the internal data when the first call is made.
        -: 1194:     Start processing options with ARGV-element 1 (since ARGV-element 0
        -: 1195:     is the program name); the sequence of previously skipped
        -: 1196:     non-option ARGV-elements is empty.  */
        -: 1197:
       43: 1198:  if (optind == 0)
       43: 1198-block  0
branch  0 taken 86%
branch  1 taken 14%
        -: 1199:    {
        6: 1200:      first_nonopt = last_nonopt = optind = 1;
        -: 1201:
        6: 1202:      nextchar = NULL;
        -: 1203:
        -: 1204:      /* Determine how to handle the ordering of options and nonoptions.  */
        -: 1205:
        6: 1206:      if (optstring[0] == '-')
        6: 1206-block  0
branch  0 taken 0%
branch  1 taken 100%
        -: 1207:	{
    #####: 1208:	  ordering = RETURN_IN_ORDER;
    #####: 1209:	  ++optstring;
    #####: 1210:	}
    $$$$$: 1210-block  0
        6: 1211:      else if (optstring[0] == '+')
        6: 1211-block  0
branch  0 taken 0%
branch  1 taken 100%
        -: 1212:	{
    #####: 1213:	  ordering = REQUIRE_ORDER;
    #####: 1214:	  ++optstring;
    #####: 1215:	}
    $$$$$: 1215-block  0
        6: 1216:      else if (getenv ("POSIXLY_CORRECT") != NULL)
        6: 1216-block  0
branch  0 taken 0%
branch  1 taken 100%
    #####: 1217:	ordering = REQUIRE_ORDER;
    $$$$$: 1217-block  0
        -: 1218:      else
        6: 1219:	ordering = PERMUTE;
        6: 1219-block  0
        6: 1220:    }
        6: 1220-block  0
        -: 1221:
       43: 1222:  if (nextchar == NULL || *nextchar == '\0')
       43: 1222-block  0
branch  0 taken 56%
branch  1 taken 44%
       24: 1222-block  1
branch  2 taken 50%
branch  3 taken 50%
        -: 1223:    {
       31: 1224:      if (ordering == PERMUTE)
       31: 1224-block  0
branch  0 taken 0%
branch  1 taken 100%
        -: 1225:	{
        -: 1226:	  /* If we have just processed some options following some non-options,
        -: 1227:	     exchange them so that the options come first.  */
        -: 1228:
       31: 1229:	  if (first_nonopt != last_nonopt && last_nonopt != optind)
       31: 1229-block  0
branch  0 taken 0%
branch  1 taken 100%
    $$$$$: 1229-block  1
branch  2 never executed
branch  3 never executed
    #####: 1230:	    exchange ((char **) argv);
    $$$$$: 1230-block  0
       31: 1231:	  else if (last_nonopt != optind)
       31: 1231-block  0
branch  0 taken 19%
branch  1 taken 81%
       25: 1232:	    first_nonopt = optind;
       25: 1232-block  0
        -: 1233:
        -: 1234:	  /* Now skip any additional non-options
        -: 1235:	     and extend the range of non-options previously skipped.  */
        -: 1236:
       72: 1237:	  while (optind < argc
       31: 1237-block  0
       41: 1237-block  1
branch  0 taken 24%
branch  1 taken 76%
       10: 1237-block  2
       41: 1238:		 && (argv[optind][0] != '-' || argv[optind][1] == '\0')
       41: 1238-block  0
branch  0 taken 12%
branch  1 taken 88%
       36: 1238-block  1
branch  2 taken 28%
branch  3 taken 72%
       26: 1238-block  2
        -: 1239:#ifdef GETOPT_COMPAT
        -: 1240:		 && (longopts == NULL
        -: 1241:		     || argv[optind][0] != '+' || argv[optind][1] == '\0')
        -: 1242:#endif				/* GETOPT_COMPAT */
        -: 1243:		 )
       10: 1244:	    optind++;
       31: 1245:	  last_nonopt = optind;
       31: 1246:	}
       31: 1246-block  0
        -: 1247:
        -: 1248:      /* Special ARGV-element `--' means premature end of options.
        -: 1249:	 Skip it like a null option,
        -: 1250:	 then exchange with previous non-options as if it were an option,
        -: 1251:	 then skip everything else like a non-option.  */
        -: 1252:
       31: 1253:      if (optind != argc && !strcmp (argv[optind], "--"))
       31: 1253-block  0
branch  0 taken 84%
branch  1 taken 16%
       26: 1253-block  1
branch  2 taken 100%
branch  3 taken 0%
        -: 1254:	{
    #####: 1255:	  optind++;
        -: 1256:
    #####: 1257:	  if (first_nonopt != last_nonopt && last_nonopt != optind)
    $$$$$: 1257-block  0
branch  0 never executed
branch  1 never executed
    $$$$$: 1257-block  1
branch  2 never executed
branch  3 never executed
    #####: 1258:	    exchange ((char **) argv);
    $$$$$: 1258-block  0
    #####: 1259:	  else if (first_nonopt == last_nonopt)
    $$$$$: 1259-block  0
branch  0 never executed
branch  1 never executed
    #####: 1260:	    first_nonopt = optind;
    $$$$$: 1260-block  0
    #####: 1261:	  last_nonopt = argc;
        -: 1262:
    #####: 1263:	  optind = argc;
    #####: 1264:	}
    $$$$$: 1264-block  0
        -: 1265:
        -: 1266:      /* If we have done all the ARGV-elements, stop the scan
        -: 1267:	 and back over any non-options that we skipped and permuted.  */
        -: 1268:
       31: 1269:      if (optind == argc)
       31: 1269-block  0
branch  0 taken 16%
branch  1 taken 84%
        -: 1270:	{
        -: 1271:	  /* Set the next-arg-index to point at the non-options
        -: 1272:	     that we previously skipped, so the caller will digest them.  */
        5: 1273:	  if (first_nonopt != last_nonopt)
        5: 1273-block  0
branch  0 taken 0%
branch  1 taken 100%
        5: 1274:	    optind = first_nonopt;
        5: 1274-block  0
        5: 1275:	  return EOF;
        5: 1275-block  0
        -: 1276:	}
        -: 1277:
        -: 1278:      /* If we have come to a non-option and did not permute it,
        -: 1279:	 either stop the scan or describe it to the caller and pass it by.  */
        -: 1280:
       26: 1281:      if ((argv[optind][0] != '-' || argv[optind][1] == '\0')
       26: 1281-block  0
branch  0 taken 100%
branch  1 taken 0%
       26: 1281-block  1
branch  2 taken 0%
branch  3 taken 100%
        -: 1282:#ifdef GETOPT_COMPAT
        -: 1283:	  && (longopts == NULL
        -: 1284:	      || argv[optind][0] != '+' || argv[optind][1] == '\0')
        -: 1285:#endif				/* GETOPT_COMPAT */
        -: 1286:	  )
        -: 1287:	{
    #####: 1288:	  if (ordering == REQUIRE_ORDER)
    $$$$$: 1288-block  0
branch  0 never executed
branch  1 never executed
    #####: 1289:	    return EOF;
    $$$$$: 1289-block  0
    #####: 1290:	  optarg = argv[optind++];
    #####: 1291:	  return 1;
    $$$$$: 1291-block  0
        -: 1292:	}
        -: 1293:
        -: 1294:      /* We have found another option-ARGV-element.
        -: 1295:	 Start decoding its characters.  */
        -: 1296:
       26: 1297:      nextchar = (argv[optind] + 1
       26: 1298:		  + (longopts != NULL && argv[optind][1] == '-'));
       26: 1298-block  0
branch  0 taken 100%
branch  1 taken 0%
    $$$$$: 1298-block  1
       26: 1299:    }
       26: 1299-block  0
        -: 1300:
       38: 1301:  if (longopts != NULL
    $$$$$: 1301-block  0
branch  0 never executed
branch  1 never executed
       38: 1302:      && ((argv[optind][0] == '-'
       38: 1302-block  0
branch  0 taken 0%
branch  1 taken 100%
    #####: 1303:	   && (argv[optind][1] == '-' || long_only))
    $$$$$: 1303-block  0
branch  0 never executed
branch  1 never executed
    $$$$$: 1303-block  1
branch  2 never executed
branch  3 never executed
        -: 1304:#ifdef GETOPT_COMPAT
        -: 1305:	  || argv[optind][0] == '+'
        -: 1306:#endif				/* GETOPT_COMPAT */
        -: 1307:	  ))
        -: 1308:    {
        -: 1309:      const struct option *p;
    #####: 1310:      char *s = nextchar;
    #####: 1311:      int exact = 0;
    #####: 1312:      int ambig = 0;
    #####: 1313:      const struct option *pfound = NULL;
        -: 1314:      int indfound;
        -: 1315:
    #####: 1316:      while (*s && *s != '=')
    $$$$$: 1316-block  0
    $$$$$: 1316-block  1
branch  0 never executed
branch  1 never executed
    $$$$$: 1316-block  2
    $$$$$: 1316-block  3
branch  2 never executed
branch  3 never executed
    $$$$$: 1316-block  4
    #####: 1317:	s++;
        -: 1318:
        -: 1319:      /* Test all options for either exact match or abbreviated matches.  */
    #####: 1320:      for (p = longopts, option_index = 0; p->name;
    $$$$$: 1320-block  0
    $$$$$: 1320-block  1
branch  0 never executed
branch  1 never executed
    $$$$$: 1320-block  2
    #####: 1321:	   p++, option_index++)
    #####: 1322:	if (!strncmp (p->name, nextchar, s - nextchar))
    $$$$$: 1322-block  0
branch  0 never executed
branch  1 never executed
    $$$$$: 1322-block  1
        -: 1323:	  {
    #####: 1324:	    if (s - nextchar == strlen (p->name))
    $$$$$: 1324-block  0
branch  0 never executed
branch  1 never executed
        -: 1325:	      {
        -: 1326:		/* Exact match found.  */
    #####: 1327:		pfound = p;
    #####: 1328:		indfound = option_index;
    #####: 1329:		exact = 1;
    #####: 1330:		break;
    $$$$$: 1330-block  0
        -: 1331:	      }
    #####: 1332:	    else if (pfound == NULL)
    $$$$$: 1332-block  0
branch  0 never executed
branch  1 never executed
        -: 1333:	      {
        -: 1334:		/* First nonexact match found.  */
    #####: 1335:		pfound = p;
    #####: 1336:		indfound = option_index;
    #####: 1337:	      }
    $$$$$: 1337-block  0
        -: 1338:	    else
        -: 1339:	      /* Second nonexact match found.  */
    #####: 1340:	      ambig = 1;
    $$$$$: 1340-block  0
    #####: 1341:	  }
    $$$$$: 1341-block  0
        -: 1342:
    #####: 1343:      if (ambig && !exact)
    $$$$$: 1343-block  0
branch  0 never executed
branch  1 never executed
    $$$$$: 1343-block  1
branch  2 never executed
branch  3 never executed
        -: 1344:	{
    #####: 1345:	  if (opterr)
    $$$$$: 1345-block  0
branch  0 never executed
branch  1 never executed
    #####: 1346:	    fprintf (stderr, "%s: option `%s' is ambiguous\n",
    $$$$$: 1346-block  0
    $$$$$: 1346-block  1
    #####: 1347:		     argv[0], argv[optind]);
    #####: 1348:	  nextchar += strlen (nextchar);
    #####: 1349:	  optind++;
    #####: 1350:	  return '?';
    $$$$$: 1350-block  0
        -: 1351:	}
        -: 1352:
    #####: 1353:      if (pfound != NULL)
    $$$$$: 1353-block  0
branch  0 never executed
branch  1 never executed
        -: 1354:	{
    #####: 1355:	  option_index = indfound;
    #####: 1356:	  optind++;
    #####: 1357:	  if (*s)
    $$$$$: 1357-block  0
branch  0 never executed
branch  1 never executed
        -: 1358:	    {
        -: 1359:	      /* Don't test has_arg with >, because some C compilers don't
        -: 1360:		 allow it to be used on enums.  */
    #####: 1361:	      if (pfound->has_arg)
    $$$$$: 1361-block  0
branch  0 never executed
branch  1 never executed
    #####: 1362:		optarg = s + 1;
    $$$$$: 1362-block  0
        -: 1363:	      else
        -: 1364:		{
    #####: 1365:		  if (opterr)
    $$$$$: 1365-block  0
branch  0 never executed
branch  1 never executed
        -: 1366:		    {
    #####: 1367:		      if (argv[optind - 1][1] == '-')
    $$$$$: 1367-block  0
branch  0 never executed
branch  1 never executed
        -: 1368:			/* --option */
    #####: 1369:			fprintf (stderr,
    $$$$$: 1369-block  0
    $$$$$: 1369-block  1
        -: 1370:				 "%s: option `--%s' doesn't allow an argument\n",
    #####: 1371:				 argv[0], pfound->name);
        -: 1372:		      else
        -: 1373:			/* +option or -option */
    #####: 1374:			fprintf (stderr,
    $$$$$: 1374-block  0
    $$$$$: 1374-block  1
        -: 1375:			     "%s: option `%c%s' doesn't allow an argument\n",
    #####: 1376:			     argv[0], argv[optind - 1][0], pfound->name);
    #####: 1377:		    }
    $$$$$: 1377-block  0
    #####: 1378:		  nextchar += strlen (nextchar);
    #####: 1379:		  return '?';
    $$$$$: 1379-block  0
        -: 1380:		}
    #####: 1381:	    }
    $$$$$: 1381-block  0
    #####: 1382:	  else if (pfound->has_arg == 1)
    $$$$$: 1382-block  0
branch  0 never executed
branch  1 never executed
        -: 1383:	    {
    #####: 1384:	      if (optind < argc)
    $$$$$: 1384-block  0
branch  0 never executed
branch  1 never executed
    #####: 1385:		optarg = argv[optind++];
    $$$$$: 1385-block  0
        -: 1386:	      else
        -: 1387:		{
    #####: 1388:		  if (opterr)
    $$$$$: 1388-block  0
branch  0 never executed
branch  1 never executed
    #####: 1389:		    fprintf (stderr, "%s: option `%s' requires an argument\n",
    $$$$$: 1389-block  0
    $$$$$: 1389-block  1
    #####: 1390:			     argv[0], argv[optind - 1]);
    #####: 1391:		  nextchar += strlen (nextchar);
    #####: 1392:		  return optstring[0] == ':' ? ':' : '?';
    $$$$$: 1392-block  0
        -: 1393:		}
    #####: 1394:	    }
    $$$$$: 1394-block  0
    #####: 1395:	  nextchar += strlen (nextchar);
    #####: 1396:	  if (longind != NULL)
    $$$$$: 1396-block  0
branch  0 never executed
branch  1 never executed
    #####: 1397:	    *longind = option_index;
    $$$$$: 1397-block  0
    #####: 1398:	  if (pfound->flag)
    $$$$$: 1398-block  0
branch  0 never executed
branch  1 never executed
        -: 1399:	    {
    #####: 1400:	      *(pfound->flag) = pfound->val;
    #####: 1401:	      return 0;
    $$$$$: 1401-block  0
        -: 1402:	    }
    #####: 1403:	  return pfound->val;
    $$$$$: 1403-block  0
        -: 1404:	}
        -: 1405:      /* Can't find it as a long option.  If this is not getopt_long_only,
        -: 1406:	 or the option starts with '--' or is not a valid short
        -: 1407:	 option, then it's an error.
        -: 1408:	 Otherwise interpret it as a short option.  */
    #####: 1409:      if (!long_only || argv[optind][1] == '-'
    $$$$$: 1409-block  0
branch  0 never executed
branch  1 never executed
    $$$$$: 1409-block  1
branch  2 never executed
branch  3 never executed
        -: 1410:#ifdef GETOPT_COMPAT
        -: 1411:	  || argv[optind][0] == '+'
        -: 1412:#endif				/* GETOPT_COMPAT */
    #####: 1413:	  || my_index (optstring, *nextchar) == NULL)
    $$$$$: 1413-block  0
branch  0 never executed
branch  1 never executed
        -: 1414:	{
    #####: 1415:	  if (opterr)
    $$$$$: 1415-block  0
branch  0 never executed
branch  1 never executed
        -: 1416:	    {
    #####: 1417:	      if (argv[optind][1] == '-')
    $$$$$: 1417-block  0
branch  0 never executed
branch  1 never executed
        -: 1418:		/* --option */
    #####: 1419:		fprintf (stderr, "%s: unrecognized option `--%s'\n",
    $$$$$: 1419-block  0
    $$$$$: 1419-block  1
    #####: 1420:			 argv[0], nextchar);
        -: 1421:	      else
        -: 1422:		/* +option or -option */
    #####: 1423:		fprintf (stderr, "%s: unrecognized option `%c%s'\n",
    $$$$$: 1423-block  0
    $$$$$: 1423-block  1
    #####: 1424:			 argv[0], argv[optind][0], nextchar);
    #####: 1425:	    }
    $$$$$: 1425-block  0
    #####: 1426:	  nextchar = (char *) "";
    #####: 1427:	  optind++;
    #####: 1428:	  return '?';
    $$$$$: 1428-block  0
        -: 1429:	}
    #####: 1430:    }
    $$$$$: 1430-block  0
        -: 1431:
        -: 1432:  /* Look at and handle the next option-character.  */
        -: 1433:
        -: 1434:  {
       38: 1435:    char c = *nextchar++;
       38: 1436:    char *temp = my_index (optstring, c);
        -: 1437:
[...]
        2:10614-block  0
branch  0 taken 0%
branch  1 taken 100%
    #####:10615:	fatal(err, 0);
    $$$$$:10615-block  0
        2:10616:    }
        2:10616-block  0
        3:10617:}
        3:10617-block  0
        -:10618:
        -:10619:static void
function Gcompile called 2 returned 100% blocks executed 33%
        2:10620:Gcompile(pattern, size)
        -:10621:     char *pattern;
        -:10622:     size_t size;
        -:10623:{
        -:10624:#ifdef __STDC__
        -:10625:  const
        -:10626:#endif
        -:10627:  char *err;
        -:10628:
        2:10629:  re_set_syntax(RE_SYNTAX_GREP | RE_HAT_LISTS_NOT_NEWLINE);
        2:10630:  dfasyntax(RE_SYNTAX_GREP | RE_HAT_LISTS_NOT_NEWLINE, match_icase);
        -:10631:
        2:10632:  if ((err = re_compile_pattern(pattern, size, &regex)) != 0)
        2:10632-block  0
branch  0 taken 100%
branch  1 taken 0%
    #####:10633:    fatal(err, 0);
    $$$$$:10633-block  0
        -:10634:
        2:10635:  dfainit(&dfa_1);
        -:10636:
        -:10637:  /* In the match_words and match_lines cases, we use a different pattern
        -:10638:     for the DFA matcher that will quickly throw out cases that won't work.
        -:10639:     Then if DFA succeeds we do some hairy stuff using the regex matcher
        -:10640:     to decide whether the match should really count. */
        2:10641:  if (match_words || match_lines)
        2:10641-block  0
branch  0 taken 100%
branch  1 taken 0%
        2:10641-block  1
branch  2 taken 100%
branch  3 taken 0%
        -:10642:    {
        -:10643:      /* In the whole-word case, we use the pattern:
        -:10644:	 (^|[^A-Za-z_])(userpattern)([^A-Za-z_]|$).
        -:10645:	 In the whole-line case, we use the pattern:
        -:10646:	 ^(userpattern)$.
        -:10647:	 BUG: Using [A-Za-z_] is locale-dependent!  */
        -:10648:
    #####:10649:      char *n = malloc(size + 50);
    #####:10650:      int i = 0;
        -:10651:
    #####:10652:      strcpy(n, "");
        -:10653:
    #####:10654:      if (match_lines)
    $$$$$:10654-block  0
branch  0 never executed
branch  1 never executed
    #####:10655:	strcpy(n, "^\\(");
    $$$$$:10655-block  0
    #####:10656:      if (match_words)
    $$$$$:10656-block  0
branch  0 never executed
branch  1 never executed
    #####:10657:	strcpy(n, "\\(^\\|[^0-9A-Za-z_]\\)\\(");
    $$$$$:10657-block  0
        -:10658:
    #####:10659:      i = strlen(n);
    #####:10660:      bcopy(pattern, n + i, size);
    #####:10661:      i += size;
        -:10662:
    #####:10663:      if (match_words)
    $$$$$:10663-block  0
branch  0 never executed
branch  1 never executed
    #####:10664:	strcpy(n + i, "\\)\\([^0-9A-Za-z_]\\|$\\)");
    $$$$$:10664-block  0
    #####:10665:      if (match_lines)
    $$$$$:10665-block  0
branch  0 never executed
branch  1 never executed
    #####:10666:	strcpy(n + i, "\\)$");
    $$$$$:10666-block  0
        -:10667:
    #####:10668:      i += strlen(n + i);
    #####:10669:      dfacomp(n, i, &dfa_1, 1);
    #####:10670:    }
    $$$$$:10670-block  0
        -:10671:  else
        2:10672:    dfacomp(pattern, size, &dfa_1, 1);
        2:10672-block  0
        -:10673:
        2:10674:  kwsmusts();
        2:10675:}
        2:10675-block  0
        -:10676:
        -:10677:static void
function Ecompile called 1 returned 100% blocks executed 72%
        1:10678:Ecompile(pattern, size)
        -:10679:     char *pattern;
        -:10680:     size_t size;
        -:10681:{
        -:10682:#ifdef __STDC__
        -:10683:  const
        -:10684:#endif
        -:10685:  char *err;
        -:10686:
        1:10687:  if (strcmp(matcher, "posix-egrep") == 0)
        1:10687-block  0
branch  0 taken 0%
branch  1 taken 100%
        -:10688:    {
        1:10689:      re_set_syntax(RE_SYNTAX_POSIX_EGREP);
        1:10690:      dfasyntax(RE_SYNTAX_POSIX_EGREP, match_icase);
        1:10691:    }
        1:10691-block  0
        -:10692:  else
        -:10693:    {
    #####:10694:      re_set_syntax(RE_SYNTAX_EGREP);
    #####:10695:      dfasyntax(RE_SYNTAX_EGREP, match_icase);
    $$$$$:10695-block  0
        -:10696:    }
        -:10697:
        1:10698:  if ((err = re_compile_pattern(pattern, size, &regex)) != 0)
        1:10698-block  0
branch  0 taken 100%
branch  1 taken 0%
    #####:10699:    fatal(err, 0);
    $$$$$:10699-block  0
        -:10700:
        1:10701:  dfainit(&dfa_1);
        -:10702:
        -:10703:  /* In the match_words and match_lines cases, we use a different pattern
        -:10704:     for the DFA matcher that will quickly throw out cases that won't work.
        -:10705:     Then if DFA succeeds we do some hairy stuff using the regex matcher
        -:10706:     to decide whether the match should really count. */
        1:10707:  if (match_words || match_lines)
        1:10707-block  0
branch  0 taken 100%
branch  1 taken 0%
        1:10707-block  1
branch  2 taken 0%
branch  3 taken 100%
        -:10708:    {
        -:10709:      /* In the whole-word case, we use the pattern:
        -:10710:	 (^|[^A-Za-z_])(userpattern)([^A-Za-z_]|$).
        -:10711:	 In the whole-line case, we use the pattern:
        -:10712:	 ^(userpattern)$.
        -:10713:	 BUG: Using [A-Za-z_] is locale-dependent!  */
        -:10714:
        1:10715:      char *n = malloc(size + 50);
        1:10716:      int i = 0;
        -:10717:
        1:10718:      strcpy(n, "");
        -:10719:
        1:10720:      if (match_lines)
        1:10720-block  0
branch  0 taken 0%
branch  1 taken 100%
        1:10721:	strcpy(n, "^(");
        1:10721-block  0
        1:10722:      if (match_words)
        1:10722-block  0
branch  0 taken 100%
branch  1 taken 0%
    #####:10723:	strcpy(n, "(^|[^0-9A-Za-z_])(");
    $$$$$:10723-block  0
        -:10724:
        1:10725:      i = strlen(n);
        1:10726:      bcopy(pattern, n + i, size);
        1:10727:      i += size;
        -:10728:
        1:10729:      if (match_words)
        1:10729-block  0
branch  0 taken 100%
branch  1 taken 0%
    #####:10730:	strcpy(n + i, ")([^0-9A-Za-z_]|$)");
    $$$$$:10730-block  0
        1:10731:      if (match_lines)
        1:10731-block  0
branch  0 taken 0%
branch  1 taken 100%
        1:10732:	strcpy(n + i, ")$");
        1:10732-block  0
        -:10733:
        1:10734:      i += strlen(n + i);
        1:10735:      dfacomp(n, i, &dfa_1, 1);
        1:10736:    }
        1:10736-block  0
        -:10737:  else
    #####:10738:    dfacomp(pattern, size, &dfa_1, 1);
    $$$$$:10738-block  0
        -:10739:
        1:10740:  kwsmusts();
        1:10741:}
        1:10741-block  0
        -:10742:
        -:10743:static char *
function EGexecute called 3 returned 100% blocks executed 28%
        3:10744:EGexecute(buf, size, endp)
        -:10745:     char *buf;
        -:10746:     size_t size;
        -:10747:     char **endp;
        -:10748:{
        -:10749:  register char *buflim, *beg, *end, save;
        -:10750:  int backref, start, len;
        -:10751:  struct kwsmatch kwsm;
        -:10752:  static struct re_registers regs; /* This is static on account of a BRAIN-DEAD
        -:10753:				    Q@#%!# library interface in regex.c.  */
        -:10754:
        3:10755:  buflim = buf + size;
        -:10756:
        3:10757:  for (beg = end = buf; end < buflim; beg = end + 1)
        3:10757-block  0
        3:10757-block  1
branch  0 taken 100%
branch  1 taken 0%
    $$$$$:10757-block  2
        -:10758:    {
        3:10759:      if (kwset)
        3:10759-block  0
branch  0 taken 67%
branch  1 taken 33%
        -:10760:	{
        -:10761:	  /* Find a possible match using the KWset matcher. */
        2:10762:	  beg = kwsexec(kwset, beg, buflim - beg, &kwsm);
        2:10763:	  if (!beg)
        2:10763-block  0
branch  0 taken 0%
branch  1 taken 100%
        2:10764:	    goto failure;
        2:10764-block  0
        -:10765:	  /* Narrow down to the line containing the candidate, and
        -:10766:	     run it through DFA. */
    #####:10767:	  end = memchr(beg, '\n', buflim - beg);
    #####:10768:	  if (!end)
    $$$$$:10768-block  0
branch  0 never executed
branch  1 never executed
    #####:10769:	    end = buflim;
    $$$$$:10769-block  0
    #####:10770:	  while (beg > buf && beg[-1] != '\n')
    $$$$$:10770-block  0
    $$$$$:10770-block  1
branch  0 never executed
branch  1 never executed
    $$$$$:10770-block  2
    $$$$$:10770-block  3
branch  2 never executed
branch  3 never executed
    $$$$$:10770-block  4
    #####:10771:	    --beg;
    #####:10772:	  save = *end;
    #####:10773:	  if (kwsm.index < lastexact)
    $$$$$:10773-block  0
branch  0 never executed
branch  1 never executed
    #####:10774:	    goto success;
    $$$$$:10774-block  0
    #####:10775:	  if (!dfaexec(&dfa_1, beg, end, 0, (int *) 0, &backref))
    $$$$$:10775-block  0
branch  0 never executed
branch  1 never executed
        -:10776:	    {
    #####:10777:	      *end = save;
    #####:10778:	      continue;
    $$$$$:10778-block  0
        -:10779:	    }
    #####:10780:	  *end = save;
        -:10781:	  /* Successful, no backreferences encountered. */
    #####:10782:	  if (!backref)
    $$$$$:10782-block  0
branch  0 never executed
branch  1 never executed
    #####:10783:	    goto success;
    $$$$$:10783-block  0
    #####:10784:	}
    $$$$$:10784-block  0
        -:10785:      else
        -:10786:	{
        -:10787:	  /* No good fixed strings; start with DFA. */
        1:10788:	  save = *buflim;
        1:10789:	  beg = dfaexec(&dfa_1, beg, buflim, 0, (int *) 0, &backref);
        1:10790:	  *buflim = save;
        1:10791:	  if (!beg)
        1:10791-block  0
branch  0 taken 100%
branch  1 taken 0%
    #####:10792:	    goto failure;
    $$$$$:10792-block  0
        -:10793:	  /* Narrow down to the line we've found. */
        1:10794:	  end = memchr(beg, '\n', buflim - beg);
        1:10795:	  if (!end)
        1:10795-block  0
branch  0 taken 0%
branch  1 taken 100%
        1:10796:	    end = buflim;
        1:10796-block  0
        1:10797:	  while (beg > buf && beg[-1] != '\n')
        1:10797-block  0
        1:10797-block  1
branch  0 taken 0%
branch  1 taken 100%
        1:10797-block  2
        1:10797-block  3
branch  2 taken 0%
branch  3 taken 100%
    $$$$$:10797-block  4
    #####:10798:	    --beg;
        -:10799:	  /* Successful, no backreferences encountered! */
        1:10800:	  if (!backref)
        1:10800-block  0
branch  0 taken 0%
branch  1 taken 100%
        1:10801:	    goto success;
        1:10801-block  0
        -:10802:	}
        -:10803:      /* If we've made it to this point, this means DFA has seen
        -:10804:	 a probable match, and we need to run it through Regex. */
    #####:10805:      regex.not_eol = 0;
    #####:10806:      if ((start = re_search(&regex, beg, end - beg, 0, end - beg, &regs)) >= 0)
    $$$$$:10806-block  0
branch  0 never executed
branch  1 never executed
        -:10807:	{
    #####:10808:	  len = regs.end[0] - start;
    #####:10809:	  if (!match_lines && !match_words || match_lines && len == end - beg)
    $$$$$:10809-block  0
branch  0 never executed
branch  1 never executed
    $$$$$:10809-block  1
    $$$$$:10809-block  2
    $$$$$:10809-block  3
branch  2 never executed
branch  3 never executed
    $$$$$:10809-block  4
branch  4 never executed
branch  5 never executed
    #####:10810:	    goto success;
    $$$$$:10810-block  0
        -:10811:	  /* If -w, check if the match aligns with word boundaries.
        -:10812:	     We do this iteratively because:
        -:10813:	     (a) the line may contain more than one occurence of the pattern, and
        -:10814:	     (b) Several alternatives in the pattern might be valid at a given
        -:10815:	     point, and we may need to consider a shorter one to find a word
        -:10816:	     boundary. */
    #####:10817:	  if (match_words)
    $$$$$:10817-block  0
branch  0 never executed
branch  1 never executed
    #####:10818:	    while (start >= 0)
    $$$$$:10818-block  0
    $$$$$:10818-block  1
branch  0 never executed
branch  1 never executed
    $$$$$:10818-block  2
    $$$$$:10818-block  3
        -:10819:	      {
    #####:10820:		if ((start == 0 || !WCHAR(beg[start - 1]))
    $$$$$:10820-block  0
branch  0 never executed
branch  1 never executed
    $$$$$:10820-block  1
branch  2 never executed
branch  3 never executed
    $$$$$:10820-block  2
    $$$$$:10820-block  3
    #####:10821:		    && (len == end - beg || !WCHAR(beg[start + len])))
    $$$$$:10821-block  0
branch  0 never executed
branch  1 never executed
    $$$$$:10821-block  1
branch  2 never executed
branch  3 never executed
    $$$$$:10821-block  2
branch  4 never executed
branch  5 never executed
    #####:10822:		  goto success;
    $$$$$:10822-block  0
    #####:10823:		if (len > 0)
    $$$$$:10823-block  0
branch  0 never executed
branch  1 never executed
        -:10824:		  {
        -:10825:		    /* Try a shorter length anchored at the same place. */
    #####:10826:		    --len;
    #####:10827:		    regex.not_eol = 1;
    #####:10828:		    len = re_match(&regex, beg, start + len, start, &regs);
    #####:10829:		  }
    $$$$$:10829-block  0
    #####:10830:		if (len <= 0)
    $$$$$:10830-block  0
branch  0 never executed
branch  1 never executed
        -:10831:		  {
        -:10832:		    /* Try looking further on. */
    #####:10833:		    if (start == end - beg)
    $$$$$:10833-block  0
branch  0 never executed
branch  1 never executed
    #####:10834:		      break;
    $$$$$:10834-block  0
    #####:10835:		    ++start;
    #####:10836:		    regex.not_eol = 0;
    #####:10837:		    start = re_search(&regex, beg, end - beg,
    #####:10838:				      start, end - beg - start, &regs);
    #####:10839:		    len = regs.end[0] - start;
    #####:10840:		  }
    $$$$$:10840-block  0
        -:10841:	      }
    #####:10842:	}
    $$$$$:10842-block  0
    #####:10843:    }
    $$$$$:10843-block  0
    $$$$$:10843-block  1
        -:10844:
        -:10845: failure:
        2:10846:  return 0;
        2:10846-block  0
        -:10847:
        -:10848: success:
        1:10849:  *endp = end < buflim ? end + 1 : end;
        1:10849-block  0
branch  0 taken 0%
branch  1 taken 100%
    $$$$$:10849-block  1
        1:10849-block  2
        1:10850:  return beg;
        1:10850-block  0
        3:10851:}
        3:10851-block  0
        -:10852:
        -:10853:static void
function Fcompile called 2 returned 100% blocks executed 81%
        2:10854:Fcompile(pattern, size)
        -:10855:     char *pattern;
        -:10856:     size_t size;
        -:10857:{
        -:10858:  char *beg, *lim, *err;
        -:10859:
        2:10860:  kwsinit();
        2:10861:  beg = pattern;
        2:10862:  do
        2:10862-block  0
        -:10863:    {
      176:10864:      for (lim = beg; lim < pattern + size && *lim != '\n'; ++lim)
        2:10864-block  0
      176:10864-block  1
branch  0 taken 1%
branch  1 taken 99%
      174:10864-block  2
      176:10864-block  3
branch  2 taken 99%
branch  3 taken 1%
      174:10864-block  4
      174:10864-block  5
        -:10865:	;
        2:10866:      if ((err = kwsincr(kwset, beg, lim - beg)) != 0)
        2:10866-block  0
branch  0 taken 100%
branch  1 taken 0%
    #####:10867:	fatal(err, 0);
    $$$$$:10867-block  0
        2:10868:      if (lim < pattern + size)
        2:10868-block  0
branch  0 taken 100%
branch  1 taken 0%
    #####:10869:	++lim;
    $$$$$:10869-block  0
        2:10870:      beg = lim;
        2:10871:    }
        2:10871-block  0
        2:10871-block  1
branch  0 taken 100%
branch  1 taken 0%
        2:10872:  while (beg < pattern + size);
        -:10873:
        2:10874:  if ((err = kwsprep(kwset)) != 0)
        2:10874-block  0
branch  0 taken 0%
branch  1 taken 100%
    #####:10875:    fatal(err, 0);
    $$$$$:10875-block  0
        2:10876:}
        2:10876-block  0
        -:10877:
        -:10878:static char *
function Fexecute called 2 returned 100% blocks executed 11%
        2:10879:Fexecute(buf, size, endp)
        -:10880:     char *buf;
        -:10881:     size_t size;
        -:10882:     char **endp;
        -:10883:{
        -:10884:  register char *beg, *try, *end;
        -:10885:  register size_t len;
        -:10886:  struct kwsmatch kwsmatch;
        -:10887:
        2:10888:  for (beg = buf; beg <= buf + size; ++beg)
        2:10888-block  0
        2:10888-block  1
branch  0 taken 100%
branch  1 taken 0%
    $$$$$:10888-block  2
        -:10889:    {
        2:10890:      if (!(beg = kwsexec(kwset, beg, buf + size - beg, &kwsmatch)))
        2:10890-block  0
branch  0 taken 0%
branch  1 taken 100%
        2:10891:	return 0;
        2:10891-block  0
    #####:10892:      len = kwsmatch.size[0];
    #####:10893:      if (match_lines)
    $$$$$:10893-block  0
branch  0 never executed
branch  1 never executed
        -:10894:	{
    #####:10895:	  if (beg > buf && beg[-1] != '\n')
    $$$$$:10895-block  0
branch  0 never executed
branch  1 never executed
    $$$$$:10895-block  1
branch  2 never executed
branch  3 never executed
    #####:10896:	    continue;
    $$$$$:10896-block  0
    #####:10897:	  if (beg + len < buf + size && beg[len] != '\n')
    $$$$$:10897-block  0
branch  0 never executed
branch  1 never executed
    $$$$$:10897-block  1
branch  2 never executed
branch  3 never executed
    #####:10898:	    continue;
    $$$$$:10898-block  0
    #####:10899:	  goto success;
    $$$$$:10899-block  0
        -:10900:	}
    #####:10901:      else if (match_words)
    $$$$$:10901-block  0
branch  0 never executed
branch  1 never executed
    #####:10902:	for (try = beg; len && try;)
    $$$$$:10902-block  0
    $$$$$:10902-block  1
branch  0 never executed
branch  1 never executed
    $$$$$:10902-block  2
    $$$$$:10902-block  3
branch  2 never executed
branch  3 never executed
    $$$$$:10902-block  4
        -:10903:	  {
    #####:10904:	    if (try > buf && WCHAR((unsigned char) try[-1]))
    $$$$$:10904-block  0
branch  0 never executed
branch  1 never executed
    $$$$$:10904-block  1
branch  2 never executed
branch  3 never executed
    $$$$$:10904-block  2
branch  4 never executed
branch  5 never executed
    #####:10905:	      break;
    $$$$$:10905-block  0
    #####:10906:	    if (try + len < buf + size && WCHAR((unsigned char) try[len]))
    $$$$$:10906-block  0
branch  0 never executed
branch  1 never executed
    $$$$$:10906-block  1
branch  2 never executed
branch  3 never executed
    $$$$$:10906-block  2
branch  4 never executed
branch  5 never executed
        -:10907:	      {
    #####:10908:		try = kwsexec(kwset, beg, --len, &kwsmatch);
    #####:10909:		len = kwsmatch.size[0];
    #####:10910:	      }
    $$$$$:10910-block  0
        -:10911:	    else
    #####:10912:	      goto success;
    $$$$$:10912-block  0
    #####:10913:	  }
    $$$$$:10913-block  0
        -:10914:      else
    #####:10915:	goto success;
    $$$$$:10915-block  0
    #####:10916:    }
    $$$$$:10916-block  0
        -:10917:
    #####:10918:  return 0;
    $$$$$:10918-block  0
        -:10919:
        -:10920: success:
    #####:10921:  if ((end = memchr(beg + len, '\n', (buf + size) - (beg + len))) != 0)
    $$$$$:10921-block  0
branch  0 never executed
branch  1 never executed
    #####:10922:    ++end;
    $$$$$:10922-block  0
        -:10923:  else
    #####:10924:    end = buf + size;
    $$$$$:10924-block  0
    #####:10925:  *endp = end;
    #####:10926:  while (beg > buf && beg[-1] != '\n')
    $$$$$:10926-block  0
    $$$$$:10926-block  1
branch  0 never executed
branch  1 never executed
    $$$$$:10926-block  2
    $$$$$:10926-block  3
branch  2 never executed
branch  3 never executed
    $$$$$:10926-block  4
    #####:10927:    --beg;
    #####:10928:  return beg;
    $$$$$:10928-block  0
        2:10929:}
        2:10929-block  0
